#
# A fatal error has been detected by the Java Runtime Environment:
#
#  Internal Error (jvmciRuntime.cpp:1609), pid=27, tid=44
#  fatal error: Fatal exception in JVMCI: Error calling jdk.vm.ci.services.Services.serializeSavedProperties
#
# JRE version: OpenJDK Runtime Environment GraalVM CE 22.3.0 (17.0.5+8) (build 17.0.5+8-jvmci-22.3-b08)
# Java VM: OpenJDK 64-Bit Server VM GraalVM CE 22.3.0 (17.0.5+8-jvmci-22.3-b08, mixed mode, sharing, tiered, jvmci, jvmci compiler, compressed oops, compressed class ptrs, parallel gc, linux-amd64)
# Problematic frame:
# V  [libjvm.so+0x972714]  JVMCIRuntime::fatal_exception(JVMCIEnv*, char const*)+0x74
#
# Core dump will be written. Default location: Core dumps may be processed with "/usr/share/apport/apport -p%p -s%s -c%c -d%d -P%P -u%u -g%g -- %E" (or dumping to /home/runner/SophiaIntroToJava/core.27)
#
# If you would like to submit a bug report, please visit:
#   https://github.com/oracle/graal/issues
#

---------------  S U M M A R Y ------------

Command Line: -XX:ThreadPriorityPolicy=1 -XX:+UnlockExperimentalVMOptions -XX:+EnableJVMCIProduct -XX:JVMCIThreadsPerNativeLibraryRuntime=1 -XX:-UnlockExperimentalVMOptions -Declipse.application=org.eclipse.jdt.ls.core.id1 -Dosgi.bundles.defaultStartLevel=4 -Declipse.product=org.eclipse.jdt.ls.core.product -Dlog.level=ALL -Xverify:none -XX:+UseParallelGC -XX:GCTimeRatio=4 -XX:AdaptiveSizePolicyWeight=90 -Dsun.zip.disableMemoryMapping=true -Xmx512m -Xms100m /nix/store/m6gcpi1ii6rghy04cjwjddcavv7i90df-jdt-language-server-1.9.0/share/java/plugins/org.eclipse.equinox.launcher_1.6.400.v20210924-0641.jar --add-modules=ALL-SYSTEM --add-opens java.base/java.util=ALL-UNNAMED --add-opens java.base/java.lang=ALL-UNNAMED -configuration /home/runner/.cache/jdt-language-server/config -data /home/runner/.cache/jdt-language-server/data/home/runner/SophiaIntroToJava

Host: AMD EPYC 7B12, 8 cores, 1G, Ubuntu 20.04.2 LTS
Time: Mon Jun 19 15:37:36 2023 UTC elapsed time: 528.378228 seconds (0d 0h 8m 48s)

---------------  T H R E A D  ---------------

Current thread (0x00007fe0940b21e0):  JavaThread "JVMCI-native CompilerThread0" daemon [_thread_in_vm, id=44, stack(0x00007fe07b2b3000,0x00007fe07b4b3000)]


Current CompileTask:
JVMCI-native: 528379 8856       4       java.lang.Thread::interrupted (23 bytes)

Stack: [0x00007fe07b2b3000,0x00007fe07b4b3000],  sp=0x00007fe07b4b1380,  free space=2040k
Native frames: (J=compiled Java code, j=interpreted, Vv=VM code, C=native code)
V  [libjvm.so+0x972714]  JVMCIRuntime::fatal_exception(JVMCIEnv*, char const*)+0x74
V  [libjvm.so+0x93e2fe]  JVMCIEnv::copy_saved_properties()+0x14e
V  [libjvm.so+0x9732a9]  JVMCIRuntime::initialize(JVMCIEnv*)+0xb19
V  [libjvm.so+0x9738a2]  JVMCIRuntime::get_HotSpotJVMCIRuntime(JVMCIEnv*)+0x12
V  [libjvm.so+0x9749f2]  JVMCIRuntime::compile_method(JVMCIEnv*, JVMCICompiler*, methodHandle const&, int)+0xd2
V  [libjvm.so+0x5b0d20]  CompileBroker::invoke_compiler_on_method(CompileTask*)+0x1470
V  [libjvm.so+0x5b12e8]  CompileBroker::compiler_thread_loop()+0x528
V  [libjvm.so+0xd82460]  JavaThread::thread_main_inner()+0xd0
V  [libjvm.so+0xd85a40]  Thread::call_run()+0xc0
V  [libjvm.so+0xbdb1e1]  thread_native_entry(Thread*)+0xe1

Register to memory mapping:

RAX=0x00007fe09b03d000 points into unknown readable memory: 0x0000000000000058 | 58 00 00 00 00 00 00 00
RBX=0x00007fe09c138398: <offset 0x0000000000ef5398> in /nix/store/gpxl5qgg8kicmcvivwmybwjlpf7wh20l-graalvm17-ce-22.3.0/lib/server/libjvm.so at 0x00007fe09b243000
RCX=0x00007fe09c0f01e8: <offset 0x0000000000ead1e8> in /nix/store/gpxl5qgg8kicmcvivwmybwjlpf7wh20l-graalvm17-ce-22.3.0/lib/server/libjvm.so at 0x00007fe09b243000
RDX=0x0000000000000649 is an unknown value
RSP=0x00007fe07b4b1380 is pointing into the stack for thread: 0x00007fe0940b21e0
RBP=0x00007fe07b4b13a0 is pointing into the stack for thread: 0x00007fe0940b21e0
RSI=0x00007fe09c138c48: <offset 0x0000000000ef5c48> in /nix/store/gpxl5qgg8kicmcvivwmybwjlpf7wh20l-graalvm17-ce-22.3.0/lib/server/libjvm.so at 0x00007fe09b243000
RDI=0x00000000e0000000 is an oop: java.lang.String 
{0x00000000e0000000} - klass: 'java/lang/String'
 - string: "resolution"
R8 =0x00007fe09c138398: <offset 0x0000000000ef5398> in /nix/store/gpxl5qgg8kicmcvivwmybwjlpf7wh20l-graalvm17-ce-22.3.0/lib/server/libjvm.so at 0x00007fe09b243000
R9 =0x00007fe07b4b1330 is pointing into the stack for thread: 0x00007fe0940b21e0
R10=0x00007fe07b4b2948 is pointing into the stack for thread: 0x00007fe0940b21e0
R11=0x0000000000000293 is an unknown value
R12=0x0 is NULL
R13=0x00007fe0940b21e0 is a thread
R14=0x00007fe094000b80 points into unknown readable memory: 0x00007fe09c369a38 | 38 9a 36 9c e0 7f 00 00
R15=0x00007fe09c477e40: <offset 0x0000000001234e40> in /nix/store/gpxl5qgg8kicmcvivwmybwjlpf7wh20l-graalvm17-ce-22.3.0/lib/server/libjvm.so at 0x00007fe09b243000


Registers:
RAX=0x00007fe09b03d000, RBX=0x00007fe09c138398, RCX=0x00007fe09c0f01e8, RDX=0x0000000000000649
RSP=0x00007fe07b4b1380, RBP=0x00007fe07b4b13a0, RSI=0x00007fe09c138c48, RDI=0x00000000e0000000
R8 =0x00007fe09c138398, R9 =0x00007fe07b4b1330, R10=0x00007fe07b4b2948, R11=0x0000000000000293
R12=0x0000000000000000, R13=0x00007fe0940b21e0, R14=0x00007fe094000b80, R15=0x00007fe09c477e40
RIP=0x00007fe09bbb5714, EFLAGS=0x0000000000010206, CSGSFS=0x002b000000000033, ERR=0x0000000000000006
  TRAPNO=0x000000000000000e

Top of Stack: (sp=0x00007fe07b4b1380)
0x00007fe07b4b1380:   00007fe07b4b1940 00007fe0940b21e0
0x00007fe07b4b1390:   00007fe0999e6688 0000000800c4f2e0
0x00007fe07b4b13a0:   00007fe07b4b1500 00007fe09bb812fe
0x00007fe07b4b13b0:   00007fe07b4b13e0 00007fe07b4b1440 

Instructions: (pc=0x00007fe09bbb5714)
0x00007fe09bbb5614:   30 e8 f6 cf e8 ff 4c 89 e7 e8 2e 48 d1 ff 84 db
0x00007fe09bbb5624:   75 2a 4d 85 ed 74 04 4d 8b 6d 00 48 83 c4 08 44
0x00007fe09bbb5634:   89 f9 4c 89 f2 4c 89 ee 5b 4c 89 e7 41 5c 41 5d
0x00007fe09bbb5644:   41 5e 41 5f 5d e9 e2 47 d1 ff 66 90 48 83 c4 08
0x00007fe09bbb5654:   5b 41 5c 41 5d 41 5e 41 5f 5d c3 90 31 d2 be 08
0x00007fe09bbb5664:   00 00 00 4c 89 ff e8 b1 78 a3 ff 49 89 c5 e9 37
0x00007fe09bbb5674:   ff ff ff 66 0f 1f 84 00 00 00 00 00 48 8b 7a 08
0x00007fe09bbb5684:   e9 6d ff ff ff 0f 1f 80 00 00 00 00 e8 5b 48 0a
0x00007fe09bbb5694:   00 84 c0 75 89 e9 6a ff ff ff 66 90 55 48 89 e5
0x00007fe09bbb56a4:   41 56 41 55 41 54 49 89 fc 53 48 89 f3 66 48 8d
0x00007fe09bbb56b4:   3d 27 5e 85 00 66 66 48 e8 df 43 8d ff 4c 8b 28
0x00007fe09bbb56c4:   8b 05 be 72 8a 00 85 c0 75 14 ba 01 00 00 00 48
0x00007fe09bbb56d4:   8d 0d ae 72 8a 00 f0 0f b1 11 85 c0 74 4e be c8
0x00007fe09bbb56e4:   00 00 00 4c 89 ef e8 01 0b 41 00 48 8d 05 12 ac
0x00007fe09bbb56f4:   85 00 49 89 d8 48 8d 0d e8 aa 53 00 ba 49 06 00
0x00007fe09bbb5704:   00 48 8d 35 3c 35 58 00 bf 00 00 00 e0 48 8b 00
0x00007fe09bbb5714:   c6 00 58 31 c0 e8 e2 91 c6 ff 5b 41 5c 41 5d 41
0x00007fe09bbb5724:   5e 5d e9 55 34 26 00 0f 1f 44 00 00 48 8d 05 81
0x00007fe09bbb5734:   a3 8b 00 48 89 df 4c 8b 30 e8 9e 43 8d ff 48 89
0x00007fe09bbb5744:   de 48 89 c2 49 8b 06 4c 89 f7 ff 50 08 4c 89 f7
0x00007fe09bbb5754:   e8 a7 5c 27 00 4d 85 e4 74 12 be 01 00 00 00 4c
0x00007fe09bbb5764:   89 e7 e8 35 43 fc ff eb 82 0f 1f 00 be 01 00 00
0x00007fe09bbb5774:   00 4c 89 ef e8 d3 fd ff ff e9 6d ff ff ff 66 66
0x00007fe09bbb5784:   2e 0f 1f 84 00 00 00 00 00 0f 1f 00 55 48 89 e5
0x00007fe09bbb5794:   41 57 41 56 41 55 41 54 53 48 81 ec 08 02 00 00
0x00007fe09bbb57a4:   64 48 8b 04 25 28 00 00 00 48 89 45 c8 8b 07 83
0x00007fe09bbb57b4:   f8 02 0f 84 11 04 00 00 4c 8b 6f 18 49 89 ff 49
0x00007fe09bbb57c4:   89 f4 4d 85 ed 74 14 4c 89 ef e8 5d 57 22 00 41
0x00007fe09bbb57d4:   8b 07 83 f8 02 0f 84 19 04 00 00 48 8d 1d 9a 06
0x00007fe09bbb57e4:   8a 00 4c 8d 35 0b 3c 58 00 eb 38 90 48 85 d2 7f
0x00007fe09bbb57f4:   0d 48 8d 05 b4 c0 85 00 48 83 38 00 7e 0e 41 8b
0x00007fe09bbb5804:   77 2c 4c 89 f7 31 c0 e8 a0 b2 f7 ff 49 8b 7f 18 


Stack slot to memory mapping:
stack at sp + 0 slots: 0x00007fe07b4b1940 is pointing into the stack for thread: 0x00007fe0940b21e0
stack at sp + 1 slots: 0x00007fe0940b21e0 is a thread
stack at sp + 2 slots: 0x00007fe0999e6688 points into unknown readable memory: 0x6573001852d5ffff | ff ff d5 52 18 00 73 65
stack at sp + 3 slots: 0x0000000800c4f2e0 is a pointer to class: 
jdk.vm.ci.services.Services {0x0000000800c4f2e0}
 - instance size:     2
 - klass size:        65
 - access:            public final synchronized 
 - state:             fully_initialized
 - name:              'jdk/vm/ci/services/Services'
 - super:             'java/lang/Object'
 - sub:               
 - arrays:            NULL
 - methods:           Array<T>(0x00007fe0988cc988)
 - method ordering:   Array<T>(0x0000000800928960)
 - default_methods:   Array<T>(0x0000000000000000)
 - local interfaces:  Array<T>(0x00000008005ce810)
 - trans. interfaces: Array<T>(0x00000008005ce810)
 - constants:         constant pool [427] {0x00007fe0988ca230} for 'jdk/vm/ci/services/Services' cache=0x00007fe0988cdcc8
 - class loader data:  loader data: 0x00007fe0940283f0 of 'bootstrap'
 - source file:       'Services.java'
 - class annotations:       Array<T>(0x0000000000000000)
 - class type annotations:  Array<T>(0x0000000000000000)
 - field annotations:       Array<T>(0x0000000000000000)
 - field type annotations:  Array<T>(0x0000000000000000)
 - inner classes:     Array<T>(0x00007fe0988cdc60)
 - nest members:     Array<T>(0x00007fe0988cdc80)
 - permitted subclasses:     Array<T>(0x00000008005ce7a0)
 - java mirror:       a 'java/lang/Class'{0x00000000e01403d0} = 'jdk/vm/ci/services/Services'
 - vtable length      5  (start addr: 0x0000000800c4f4b0)
 - itable length      2 (start addr: 0x0000000800c4f4d8)
 - ---- static fields (3 words):
 - public static final 'IS_BUILDING_NATIVE_IMAGE' 'Z' @128 
 - public static final 'IS_IN_NATIVE_IMAGE' 'Z' @129 
 - private static volatile 'savedProperties' 'Ljava/util/Map;' @112 
 - static final 'JVMCI_ENABLED' 'Z' @130 
 - private static final 'servicesCache' 'Ljava/util/Map;' @116 
 - private static final 'MAX_UNICODE_IN_UTF8_LENGTH' 'I' @120 
 - private static final 'MAX_UTF8_PROPERTY_STRING_LENGTH' 'I' @124 
 - ---- non-static fields (0 words):
 - non-static oop maps: 
stack at sp + 4 slots: 0x00007fe07b4b1500 is pointing into the stack for thread: 0x00007fe0940b21e0
stack at sp + 5 slots: 0x00007fe09bb812fe: <offset 0x000000000093e2fe> in /nix/store/gpxl5qgg8kicmcvivwmybwjlpf7wh20l-graalvm17-ce-22.3.0/lib/server/libjvm.so at 0x00007fe09b243000
stack at sp + 6 slots: 0x00007fe07b4b13e0 is pointing into the stack for thread: 0x00007fe0940b21e0
stack at sp + 7 slots: 0x00007fe07b4b1440 is pointing into the stack for thread: 0x00007fe0940b21e0


---------------  P R O C E S S  ---------------

Threads class SMR info:
_java_thread_list=0x00007fdfe8000b70, length=24, elements={
0x00007fe094026690, 0x00007fe0940a64d0, 0x00007fe0940a7910, 0x00007fe0940ae050,
0x00007fe0940af400, 0x00007fe0940b07f0, 0x00007fe0940b21e0, 0x00007fe0940b36f0,
0x00007fe0940b4b40, 0x00007fe0940e0200, 0x00007fe094127c50, 0x00007fe09430bfa0,
0x00007fe09433f820, 0x00007fe094341780, 0x00007fe094325aa0, 0x00007fe02c01a3e0,
0x00007fe02c2d15e0, 0x00007fe02c334d40, 0x00007fe01c0010d0, 0x00007fe02c4b11f0,
0x00007fe02c61f870, 0x00007fe0943e66e0, 0x00007fe0944c8600, 0x00007fdffc4e0e10
}

Java Threads: ( => current thread )
  0x00007fe094026690 JavaThread "main" [_thread_blocked, id=35, stack(0x00007fe09b05e000,0x00007fe09b15e000)]
  0x00007fe0940a64d0 JavaThread "Reference Handler" daemon [_thread_blocked, id=39, stack(0x00007fe099075000,0x00007fe099175000)]
  0x00007fe0940a7910 JavaThread "Finalizer" daemon [_thread_blocked, id=40, stack(0x00007fe098700000,0x00007fe098800000)]
  0x00007fe0940ae050 JavaThread "Signal Dispatcher" daemon [_thread_blocked, id=41, stack(0x00007fe09831a000,0x00007fe09841a000)]
  0x00007fe0940af400 JavaThread "Service Thread" daemon [_thread_blocked, id=42, stack(0x00007fe09821a000,0x00007fe09831a000)]
  0x00007fe0940b07f0 JavaThread "Monitor Deflation Thread" daemon [_thread_blocked, id=43, stack(0x00007fe09811a000,0x00007fe09821a000)]
=>0x00007fe0940b21e0 JavaThread "JVMCI-native CompilerThread0" daemon [_thread_in_vm, id=44, stack(0x00007fe07b2b3000,0x00007fe07b4b3000)]
  0x00007fe0940b36f0 JavaThread "C1 CompilerThread0" daemon [_thread_blocked, id=45, stack(0x00007fe07b0b3000,0x00007fe07b2b3000)]
  0x00007fe0940b4b40 JavaThread "Sweeper thread" daemon [_thread_blocked, id=46, stack(0x00007fe09801a000,0x00007fe09811a000)]
  0x00007fe0940e0200 JavaThread "Common-Cleaner" daemon [_thread_blocked, id=47, stack(0x00007fe07afb3000,0x00007fe07b0b3000)]
  0x00007fe094127c50 JavaThread "Notification Thread" daemon [_thread_blocked, id=48, stack(0x00007fe07aeb3000,0x00007fe07afb3000)]
  0x00007fe09430bfa0 JavaThread "Active Thread: Equinox Container: df082519-93cd-4bfb-bfbf-30709346343a" [_thread_blocked, id=61, stack(0x00007fe078900000,0x00007fe078a00000)]
  0x00007fe09433f820 JavaThread "Framework Event Dispatcher: Equinox Container: df082519-93cd-4bfb-bfbf-30709346343a" daemon [_thread_blocked, id=62, stack(0x00007fe078700000,0x00007fe078800000)]
  0x00007fe094341780 JavaThread "Start Level: Equinox Container: df082519-93cd-4bfb-bfbf-30709346343a" daemon [_thread_blocked, id=63, stack(0x00007fe078500000,0x00007fe078600000)]
  0x00007fe094325aa0 JavaThread "Refresh Thread: Equinox Container: df082519-93cd-4bfb-bfbf-30709346343a" daemon [_thread_blocked, id=65, stack(0x00007fe078300000,0x00007fe078400000)]
  0x00007fe02c01a3e0 JavaThread "SCR Component Actor" daemon [_thread_blocked, id=74, stack(0x00007fe078100000,0x00007fe078200000)]
  0x00007fe02c2d15e0 JavaThread "Worker-JM" [_thread_blocked, id=76, stack(0x00007fe042b00000,0x00007fe042c00000)]
  0x00007fe02c334d40 JavaThread "Worker-0" [_thread_blocked, id=85, stack(0x00007fe042a00000,0x00007fe042b00000)]
  0x00007fe01c0010d0 JavaThread "Worker-1" [_thread_blocked, id=86, stack(0x00007fe042900000,0x00007fe042a00000)]
  0x00007fe02c4b11f0 JavaThread "Java indexing" daemon [_thread_blocked, id=87, stack(0x00007fe042700000,0x00007fe042800000)]
  0x00007fe02c61f870 JavaThread "Bundle File Closer" daemon [_thread_blocked, id=88, stack(0x00007fe042500000,0x00007fe042600000)]
  0x00007fe0943e66e0 JavaThread "pool-3-thread-1" [_thread_blocked, id=89, stack(0x00007fe042300000,0x00007fe042400000)]
  0x00007fe0944c8600 JavaThread "pool-2-thread-1" [_thread_in_native, id=99, stack(0x00007fe041f00000,0x00007fe042000000)]
  0x00007fdffc4e0e10 JavaThread "Okio Watchdog" daemon [_thread_blocked, id=188, stack(0x00007fe042c00000,0x00007fe042d00000)]

Other Threads:
  0x00007fe0940a1c10 VMThread "VM Thread" [stack: 0x00007fe099177000,0x00007fe099277000] [id=38] _threads_hazard_ptr=0x00007fdfe8000b70
  0x00007fe0941295f0 WatcherThread [stack: 0x00007fe07adb3000,0x00007fe07aeb3000] [id=49]
  0x00007fe09403df30 GCTaskThread "GC Thread#0" [stack: 0x00007fe09ac21000,0x00007fe09ad21000] [id=37]

Threads with active compile tasks:
JVMCI-native CompilerThread0   528455 8856       4       java.lang.Thread::interrupted (23 bytes)

VM state: synchronizing (normal execution)

VM Mutex/Monitor currently owned by a thread:  ([mutex/lock_event])
[0x00007fe094023840] Threads_lock - owner thread: 0x00007fe0940a1c10
[0x00007fe094023ff0] Heap_lock - owner thread: 0x00007fe0943e66e0

OutOfMemory and StackOverflow Exception counts:
OutOfMemoryError java_heap_errors=3
LinkageErrors=64

Heap address: 0x00000000e0000000, size: 512 MB, Compressed Oops mode: 32-bit

CDS archive(s) mapped at: [0x0000000800000000-0x0000000800bc8000-0x0000000800bc8000), size 12353536, SharedBaseAddress: 0x0000000800000000, ArchiveRelocationMode: 0.
Compressed class space mapped at: 0x0000000800c00000-0x0000000840c00000, reserved size: 1073741824
Narrow klass base: 0x0000000800000000, Narrow klass shift: 0, Narrow klass range: 0x100000000

GC Precious Log:
 CPUs: 8 total, 1 available
 Memory: 1024M
 Large Page Support: Disabled
 NUMA Support: Disabled
 Compressed Oops: Enabled (32-bit)
 Alignments: Space 512K, Generation 512K, Heap 2M
 Heap Min Capacity: 100M
 Heap Initial Capacity: 100M
 Heap Max Capacity: 512M
 Pre-touch: Disabled
 Parallel Workers: 1

Heap:
 PSYoungGen      total 49152K, used 35327K [0x00000000f5580000, 0x00000000f9380000, 0x0000000100000000)
  eden space 35328K, 99% used [0x00000000f5580000,0x00000000f77ffff8,0x00000000f7800000)
  from space 13824K, 0% used [0x00000000f8580000,0x00000000f8580000,0x00000000f9300000)
  to   space 512K, 0% used [0x00000000f7a00000,0x00000000f7a00000,0x00000000f7a80000)
 ParOldGen       total 349696K, used 349696K [0x00000000e0000000, 0x00000000f5580000, 0x00000000f5580000)
  object space 349696K, 100% used [0x00000000e0000000,0x00000000f5580000,0x00000000f5580000)
 Metaspace       used 59515K, committed 60672K, reserved 1105920K
  class space    used 5925K, committed 6400K, reserved 1048576K

Card table byte_map: [0x00007fe09ad21000,0x00007fe09ae22000] _byte_map_base: 0x00007fe09a621000

Marking Bits: (ParMarkBitMap*) 0x00007fe09c4714c0
 Begin Bits: [0x00007fe099b74000, 0x00007fe09a374000)
 End Bits:   [0x00007fe09a374000, 0x00007fe09ab74000)

Polling page: 0x00007fe09b03b000

Metaspace:

Usage:
  Non-class:     52.33 MB used.
      Class:      5.79 MB used.
       Both:     58.12 MB used.

Virtual space:
  Non-class space:       56.00 MB reserved,      53.00 MB ( 95%) committed,  7 nodes.
      Class space:        1.00 GB reserved,       6.25 MB ( <1%) committed,  1 nodes.
             Both:        1.05 GB reserved,      59.25 MB (  5%) committed. 

Chunk freelists:
   Non-Class:  2.88 MB
       Class:  1.86 MB
        Both:  4.74 MB

MaxMetaspaceSize: unlimited
CompressedClassSpaceSize: 1.00 GB
Initial GC threshold: 21.00 MB
Current GC threshold: 98.69 MB
CDS: on
MetaspaceReclaimPolicy: balanced
 - commit_granule_bytes: 65536.
 - commit_granule_words: 8192.
 - virtual_space_node_default_size: 1048576.
 - enlarge_chunks_in_place: 1.
 - new_chunks_are_fully_committed: 0.
 - uncommit_free_chunks: 1.
 - use_allocation_guard: 0.
 - handle_deallocations: 1.


Internal statistics:

num_allocs_failed_limit: 6.
num_arena_births: 492.
num_arena_deaths: 152.
num_vsnodes_births: 8.
num_vsnodes_deaths: 0.
num_space_committed: 947.
num_space_uncommitted: 0.
num_chunks_returned_to_freelist: 215.
num_chunks_taken_from_freelist: 2800.
num_chunk_merges: 81.
num_chunk_splits: 1838.
num_chunks_enlarged: 1181.
num_purges: 4.
num_inconsistent_stats: 0.

CodeHeap 'non-profiled nmethods': size=120036Kb used=2575Kb max_used=2609Kb free=117460Kb
 bounds [0x00007fe082f7a000, 0x00007fe08320a000, 0x00007fe08a4b3000]
CodeHeap 'profiled nmethods': size=120032Kb used=15262Kb max_used=15530Kb free=104769Kb
 bounds [0x00007fe07ba42000, 0x00007fe07c9f2000, 0x00007fe082f7a000]
CodeHeap 'non-nmethods': size=5692Kb used=1392Kb max_used=1404Kb free=4299Kb
 bounds [0x00007fe07b4b3000, 0x00007fe07b723000, 0x00007fe07ba42000]
 total_blobs=7726 nmethods=6991 adapters=630
 compilation: enabled
              stopped_count=0, restarted_count=0
 full_count=0

JVMCI Events (20 events):
Event: 253.767 Thread 0x00007fe0940b21e0 compacted oop handles in JVMCI runtime 0 from 102 to 102
Event: 253.767 Thread 0x00007fe0940b21e0 releasing handles for JVMCI runtime 0: oop handles=102, metadata handles={total=384, live=369, blocks=36}
Event: 253.767 Thread 0x00007fe0940b21e0 detached from JVMCI runtime 0
Event: 358.488 Thread 0x00007fe0940b21e0 attached to JVMCI runtime 0
Event: 358.489 Thread 0x00007fe0940b21e0 created JavaVM[5]@0x00007fe04159e340 for JVMCI runtime 0
Event: 359.504 Thread 0x00007fe0940b21e0 initializing JVMCI runtime 0
Event: 359.504 Thread 0x00007fe0940b21e0 done waiting for JavaVM references initialization in JVMCI runtime 0
Event: 367.561 Thread 0x00007fe0940b21e0 initialized JVMCI runtime 0
Event: 390.573 Thread 0x00007fe0940b21e0 compacted oop handles in JVMCI runtime 0 from 57 to 55
Event: 392.598 Thread 0x00007fe0940b21e0 detaching from JVMCI runtime 0: releasing idle compiler thread (0 other threads still attached)
Event: 392.598 Thread 0x00007fe0940b21e0 shutting down HotSpotJVMCIRuntime for JVMCI runtime 0
Event: 393.664 Thread 0x00007fe0940b21e0 shut down JVMCI runtime 0
Event: 393.664 Thread 0x00007fe0940b21e0 destroyed JavaVM[5]@0x00007fe04159e340 for JVMCI runtime 0
Event: 393.664 Thread 0x00007fe0940b21e0 compacted oop handles in JVMCI runtime 0 from 55 to 55
Event: 393.664 Thread 0x00007fe0940b21e0 releasing handles for JVMCI runtime 0: oop handles=55, metadata handles={total=128, live=116, blocks=36}
Event: 393.664 Thread 0x00007fe0940b21e0 detached from JVMCI runtime 0
Event: 511.605 Thread 0x00007fe0940b21e0 attached to JVMCI runtime 0
Event: 511.606 Thread 0x00007fe0940b21e0 created JavaVM[6]@0x00007fe04159e340 for JVMCI runtime 0
Event: 512.760 Thread 0x00007fe0940b21e0 initializing JVMCI runtime 0
Event: 512.760 Thread 0x00007fe0940b21e0 done waiting for JavaVM references initialization in JVMCI runtime 0

Compilation events (20 events):
Event: 152.177 Thread 0x00007fe0940b21e0 nmethod 8756 0x00007fe08314f190 code [0x00007fe08314f3a0, 0x00007fe08314f4d0]
Event: 152.177 Thread 0x00007fe0940b21e0 8780       4       org.eclipse.jdt.internal.core.AbstractClassFile::hashCode (18 bytes)
Event: 170.293 Thread 0x00007fe0940b36f0 8850       3       jdk.internal.misc.InnocuousThread::eraseThreadLocals (23 bytes)
Event: 172.267 Thread 0x00007fe0940b36f0 nmethod 8850 0x00007fe07c3c4410 code [0x00007fe07c3c45a0, 0x00007fe07c3c46f0]
Event: 176.803 Thread 0x00007fe0940b21e0 nmethod 8780 0x00007fe08314ea90 code [0x00007fe08314ec20, 0x00007fe08314efa8]
Event: 176.803 Thread 0x00007fe0940b21e0 8770  s    4       org.eclipse.jdt.internal.core.JavaModelManager::getInfo (36 bytes)
Event: 210.693 Thread 0x00007fe0940b36f0 8851       3       java.util.concurrent.Executors$RunnableAdapter::call (14 bytes)
Event: 211.764 Thread 0x00007fe0940b36f0 nmethod 8851 0x00007fe07c833d90 code [0x00007fe07c833f40, 0x00007fe07c834280]
Event: 237.778 Thread 0x00007fe0940b21e0 nmethod 8770 0x00007fe08314d190 code [0x00007fe08314d480, 0x00007fe08314e298]
Event: 237.778 Thread 0x00007fe0940b21e0 8748       4       org.eclipse.jdt.internal.core.JavaModelCache::getInfo (135 bytes)
Event: 252.677 Thread 0x00007fe0940b21e0 nmethod 8748 0x00007fe0831b6510 code [0x00007fe0831b6740, 0x00007fe0831b7010]
Event: 313.986 Thread 0x00007fe0940b36f0 8852       3       java.lang.Math::min (12 bytes)
Event: 315.781 Thread 0x00007fe0940b36f0 nmethod 8852 0x00007fe07c833a10 code [0x00007fe07c833ba0, 0x00007fe07c833cd0]
Event: 356.461 Thread 0x00007fe0940b36f0 8853   !   3       java.util.concurrent.locks.AbstractQueuedSynchronizer::acquire (407 bytes)
Event: 358.488 Thread 0x00007fe0940b21e0 8854       4       java.util.concurrent.locks.ReentrantLock::lock (8 bytes)
Event: 359.505 Thread 0x00007fe0940b36f0 nmethod 8853 0x00007fe07c41f690 code [0x00007fe07c41fa00, 0x00007fe07c421820]
Event: 359.554 Thread 0x00007fe0940b36f0 8855       3       java.util.concurrent.ThreadPoolExecutor::runStateAtLeast (11 bytes)
Event: 361.385 Thread 0x00007fe0940b36f0 nmethod 8855 0x00007fe07c833610 code [0x00007fe07c8337a0, 0x00007fe07c8338f0]
Event: 390.574 Thread 0x00007fe0940b21e0 nmethod 8854 0x00007fe08314cc90 code [0x00007fe08314ce20, 0x00007fe08314cff0]
Event: 511.605 Thread 0x00007fe0940b21e0 8856       4       java.lang.Thread::interrupted (23 bytes)

GC Heap History (20 events):
Event: 518.199 GC heap before
{Heap before GC invocations=645 (full 483):
 PSYoungGen      total 49152K, used 35327K [0x00000000f5580000, 0x00000000f9380000, 0x0000000100000000)
  eden space 35328K, 99% used [0x00000000f5580000,0x00000000f77ffff8,0x00000000f7800000)
  from space 13824K, 0% used [0x00000000f8580000,0x00000000f8580000,0x00000000f9300000)
  to   space 512K, 0% used [0x00000000f7a00000,0x00000000f7a00000,0x00000000f7a80000)
 ParOldGen       total 349696K, used 349695K [0x00000000e0000000, 0x00000000f5580000, 0x00000000f5580000)
  object space 349696K, 99% used [0x00000000e0000000,0x00000000f557fe60,0x00000000f5580000)
 Metaspace       used 59515K, committed 60672K, reserved 1105920K
  class space    used 5925K, committed 6400K, reserved 1048576K
}
Event: 519.095 GC heap after
{Heap after GC invocations=645 (full 483):
 PSYoungGen      total 35840K, used 35327K [0x00000000f5580000, 0x00000000f9380000, 0x0000000100000000)
  eden space 35328K, 99% used [0x00000000f5580000,0x00000000f77fffc8,0x00000000f7800000)
  from space 512K, 0% used [0x00000000f7a00000,0x00000000f7a00000,0x00000000f7a80000)
  to   space 13824K, 0% used [0x00000000f8580000,0x00000000f8580000,0x00000000f9300000)
 ParOldGen       total 349696K, used 349695K [0x00000000e0000000, 0x00000000f5580000, 0x00000000f5580000)
  object space 349696K, 99% used [0x00000000e0000000,0x00000000f557fe60,0x00000000f5580000)
 Metaspace       used 59515K, committed 60672K, reserved 1105920K
  class space    used 5925K, committed 6400K, reserved 1048576K
}
Event: 519.095 GC heap before
{Heap before GC invocations=646 (full 484):
 PSYoungGen      total 35840K, used 35327K [0x00000000f5580000, 0x00000000f9380000, 0x0000000100000000)
  eden space 35328K, 99% used [0x00000000f5580000,0x00000000f77ffff8,0x00000000f7800000)
  from space 512K, 0% used [0x00000000f7a00000,0x00000000f7a00000,0x00000000f7a80000)
  to   space 13824K, 0% used [0x00000000f8580000,0x00000000f8580000,0x00000000f9300000)
 ParOldGen       total 349696K, used 349695K [0x00000000e0000000, 0x00000000f5580000, 0x00000000f5580000)
  object space 349696K, 99% used [0x00000000e0000000,0x00000000f557fe60,0x00000000f5580000)
 Metaspace       used 59515K, committed 60672K, reserved 1105920K
  class space    used 5925K, committed 6400K, reserved 1048576K
}
Event: 520.193 GC heap after
{Heap after GC invocations=646 (full 484):
 PSYoungGen      total 49152K, used 35327K [0x00000000f5580000, 0x00000000f9380000, 0x0000000100000000)
  eden space 35328K, 99% used [0x00000000f5580000,0x00000000f77fffc8,0x00000000f7800000)
  from space 13824K, 0% used [0x00000000f8580000,0x00000000f8580000,0x00000000f9300000)
  to   space 512K, 0% used [0x00000000f7a00000,0x00000000f7a00000,0x00000000f7a80000)
 ParOldGen       total 349696K, used 349695K [0x00000000e0000000, 0x00000000f5580000, 0x00000000f5580000)
  object space 349696K, 99% used [0x00000000e0000000,0x00000000f557fe60,0x00000000f5580000)
 Metaspace       used 59515K, committed 60672K, reserved 1105920K
  class space    used 5925K, committed 6400K, reserved 1048576K
}
Event: 520.194 GC heap before
{Heap before GC invocations=647 (full 485):
 PSYoungGen      total 49152K, used 35327K [0x00000000f5580000, 0x00000000f9380000, 0x0000000100000000)
  eden space 35328K, 99% used [0x00000000f5580000,0x00000000f77ffff8,0x00000000f7800000)
  from space 13824K, 0% used [0x00000000f8580000,0x00000000f8580000,0x00000000f9300000)
  to   space 512K, 0% used [0x00000000f7a00000,0x00000000f7a00000,0x00000000f7a80000)
 ParOldGen       total 349696K, used 349695K [0x00000000e0000000, 0x00000000f5580000, 0x00000000f5580000)
  object space 349696K, 99% used [0x00000000e0000000,0x00000000f557fe60,0x00000000f5580000)
 Metaspace       used 59515K, committed 60672K, reserved 1105920K
  class space    used 5925K, committed 6400K, reserved 1048576K
}
Event: 521.356 GC heap after
{Heap after GC invocations=647 (full 485):
 PSYoungGen      total 35840K, used 35327K [0x00000000f5580000, 0x00000000f9380000, 0x0000000100000000)
  eden space 35328K, 99% used [0x00000000f5580000,0x00000000f77ffff8,0x00000000f7800000)
  from space 512K, 0% used [0x00000000f7a00000,0x00000000f7a00000,0x00000000f7a80000)
  to   space 13824K, 0% used [0x00000000f8580000,0x00000000f8580000,0x00000000f9300000)
 ParOldGen       total 349696K, used 349695K [0x00000000e0000000, 0x00000000f5580000, 0x00000000f5580000)
  object space 349696K, 99% used [0x00000000e0000000,0x00000000f557fe48,0x00000000f5580000)
 Metaspace       used 59515K, committed 60672K, reserved 1105920K
  class space    used 5925K, committed 6400K, reserved 1048576K
}
Event: 521.356 GC heap before
{Heap before GC invocations=648 (full 486):
 PSYoungGen      total 35840K, used 35327K [0x00000000f5580000, 0x00000000f9380000, 0x0000000100000000)
  eden space 35328K, 99% used [0x00000000f5580000,0x00000000f77ffff8,0x00000000f7800000)
  from space 512K, 0% used [0x00000000f7a00000,0x00000000f7a00000,0x00000000f7a80000)
  to   space 13824K, 0% used [0x00000000f8580000,0x00000000f8580000,0x00000000f9300000)
 ParOldGen       total 349696K, used 349695K [0x00000000e0000000, 0x00000000f5580000, 0x00000000f5580000)
  object space 349696K, 99% used [0x00000000e0000000,0x00000000f557ffe0,0x00000000f5580000)
 Metaspace       used 59515K, committed 60672K, reserved 1105920K
  class space    used 5925K, committed 6400K, reserved 1048576K
}
Event: 522.455 GC heap after
{Heap after GC invocations=648 (full 486):
 PSYoungGen      total 49152K, used 35327K [0x00000000f5580000, 0x00000000f9380000, 0x0000000100000000)
  eden space 35328K, 99% used [0x00000000f5580000,0x00000000f77fff98,0x00000000f7800000)
  from space 13824K, 0% used [0x00000000f8580000,0x00000000f8580000,0x00000000f9300000)
  to   space 512K, 0% used [0x00000000f7a00000,0x00000000f7a00000,0x00000000f7a80000)
 ParOldGen       total 349696K, used 349695K [0x00000000e0000000, 0x00000000f5580000, 0x00000000f5580000)
  object space 349696K, 99% used [0x00000000e0000000,0x00000000f557ffb8,0x00000000f5580000)
 Metaspace       used 59515K, committed 60672K, reserved 1105920K
  class space    used 5925K, committed 6400K, reserved 1048576K
}
Event: 522.455 GC heap before
{Heap before GC invocations=649 (full 487):
 PSYoungGen      total 49152K, used 35327K [0x00000000f5580000, 0x00000000f9380000, 0x0000000100000000)
  eden space 35328K, 99% used [0x00000000f5580000,0x00000000f77ffff8,0x00000000f7800000)
  from space 13824K, 0% used [0x00000000f8580000,0x00000000f8580000,0x00000000f9300000)
  to   space 512K, 0% used [0x00000000f7a00000,0x00000000f7a00000,0x00000000f7a80000)
 ParOldGen       total 349696K, used 349695K [0x00000000e0000000, 0x00000000f5580000, 0x00000000f5580000)
  object space 349696K, 99% used [0x00000000e0000000,0x00000000f557ffb8,0x00000000f5580000)
 Metaspace       used 59515K, committed 60672K, reserved 1105920K
  class space    used 5925K, committed 6400K, reserved 1048576K
}
Event: 523.369 GC heap after
{Heap after GC invocations=649 (full 487):
 PSYoungGen      total 35840K, used 35327K [0x00000000f5580000, 0x00000000f9380000, 0x0000000100000000)
  eden space 35328K, 99% used [0x00000000f5580000,0x00000000f77fffb0,0x00000000f7800000)
  from space 512K, 0% used [0x00000000f7a00000,0x00000000f7a00000,0x00000000f7a80000)
  to   space 13824K, 0% used [0x00000000f8580000,0x00000000f8580000,0x00000000f9300000)
 ParOldGen       total 349696K, used 349695K [0x00000000e0000000, 0x00000000f5580000, 0x00000000f5580000)
  object space 349696K, 99% used [0x00000000e0000000,0x00000000f557ffb8,0x00000000f5580000)
 Metaspace       used 59515K, committed 60672K, reserved 1105920K
  class space    used 5925K, committed 6400K, reserved 1048576K
}
Event: 523.369 GC heap before
{Heap before GC invocations=650 (full 488):
 PSYoungGen      total 35840K, used 35327K [0x00000000f5580000, 0x00000000f9380000, 0x0000000100000000)
  eden space 35328K, 99% used [0x00000000f5580000,0x00000000f77ffff8,0x00000000f7800000)
  from space 512K, 0% used [0x00000000f7a00000,0x00000000f7a00000,0x00000000f7a80000)
  to   space 13824K, 0% used [0x00000000f8580000,0x00000000f8580000,0x00000000f9300000)
 ParOldGen       total 349696K, used 349695K [0x00000000e0000000, 0x00000000f5580000, 0x00000000f5580000)
  object space 349696K, 99% used [0x00000000e0000000,0x00000000f557ffb8,0x00000000f5580000)
 Metaspace       used 59515K, committed 60672K, reserved 1105920K
  class space    used 5925K, committed 6400K, reserved 1048576K
}
Event: 524.364 GC heap after
{Heap after GC invocations=650 (full 488):
 PSYoungGen      total 49152K, used 35327K [0x00000000f5580000, 0x00000000f9380000, 0x0000000100000000)
  eden space 35328K, 99% used [0x00000000f5580000,0x00000000f77fffc8,0x00000000f7800000)
  from space 13824K, 0% used [0x00000000f8580000,0x00000000f8580000,0x00000000f9300000)
  to   space 512K, 0% used [0x00000000f7a00000,0x00000000f7a00000,0x00000000f7a80000)
 ParOldGen       total 349696K, used 349695K [0x00000000e0000000, 0x00000000f5580000, 0x00000000f5580000)
  object space 349696K, 99% used [0x00000000e0000000,0x00000000f557ffb8,0x00000000f5580000)
 Metaspace       used 59515K, committed 60672K, reserved 1105920K
  class space    used 5925K, committed 6400K, reserved 1048576K
}
Event: 524.364 GC heap before
{Heap before GC invocations=651 (full 489):
 PSYoungGen      total 49152K, used 35327K [0x00000000f5580000, 0x00000000f9380000, 0x0000000100000000)
  eden space 35328K, 99% used [0x00000000f5580000,0x00000000f77ffff8,0x00000000f7800000)
  from space 13824K, 0% used [0x00000000f8580000,0x00000000f8580000,0x00000000f9300000)
  to   space 512K, 0% used [0x00000000f7a00000,0x00000000f7a00000,0x00000000f7a80000)
 ParOldGen       total 349696K, used 349695K [0x00000000e0000000, 0x00000000f5580000, 0x00000000f5580000)
  object space 349696K, 99% used [0x00000000e0000000,0x00000000f557ffb8,0x00000000f5580000)
 Metaspace       used 59515K, committed 60672K, reserved 1105920K
  class space    used 5925K, committed 6400K, reserved 1048576K
}
Event: 525.368 GC heap after
{Heap after GC invocations=651 (full 489):
 PSYoungGen      total 35840K, used 35327K [0x00000000f5580000, 0x00000000f9380000, 0x0000000100000000)
  eden space 35328K, 99% used [0x00000000f5580000,0x00000000f77ffff8,0x00000000f7800000)
  from space 512K, 0% used [0x00000000f7a00000,0x00000000f7a00000,0x00000000f7a80000)
  to   space 13824K, 0% used [0x00000000f8580000,0x00000000f8580000,0x00000000f9300000)
 ParOldGen       total 349696K, used 349695K [0x00000000e0000000, 0x00000000f5580000, 0x00000000f5580000)
  object space 349696K, 99% used [0x00000000e0000000,0x00000000f557ffa0,0x00000000f5580000)
 Metaspace       used 59515K, committed 60672K, reserved 1105920K
  class space    used 5925K, committed 6400K, reserved 1048576K
}
Event: 525.368 GC heap before
{Heap before GC invocations=652 (full 490):
 PSYoungGen      total 35840K, used 35327K [0x00000000f5580000, 0x00000000f9380000, 0x0000000100000000)
  eden space 35328K, 99% used [0x00000000f5580000,0x00000000f77ffff8,0x00000000f7800000)
  from space 512K, 0% used [0x00000000f7a00000,0x00000000f7a00000,0x00000000f7a80000)
  to   space 13824K, 0% used [0x00000000f8580000,0x00000000f8580000,0x00000000f9300000)
 ParOldGen       total 349696K, used 349696K [0x00000000e0000000, 0x00000000f5580000, 0x00000000f5580000)
  object space 349696K, 100% used [0x00000000e0000000,0x00000000f5580000,0x00000000f5580000)
 Metaspace       used 59515K, committed 60672K, reserved 1105920K
  class space    used 5925K, committed 6400K, reserved 1048576K
}
Event: 526.374 GC heap after
{Heap after GC invocations=652 (full 490):
 PSYoungGen      total 49152K, used 35327K [0x00000000f5580000, 0x00000000f9380000, 0x0000000100000000)
  eden space 35328K, 99% used [0x00000000f5580000,0x00000000f77fffe0,0x00000000f7800000)
  from space 13824K, 0% used [0x00000000f8580000,0x00000000f8580000,0x00000000f9300000)
  to   space 512K, 0% used [0x00000000f7a00000,0x00000000f7a00000,0x00000000f7a80000)
 ParOldGen       total 349696K, used 349696K [0x00000000e0000000, 0x00000000f5580000, 0x00000000f5580000)
  object space 349696K, 100% used [0x00000000e0000000,0x00000000f5580000,0x00000000f5580000)
 Metaspace       used 59515K, committed 60672K, reserved 1105920K
  class space    used 5925K, committed 6400K, reserved 1048576K
}
Event: 526.374 GC heap before
{Heap before GC invocations=653 (full 491):
 PSYoungGen      total 49152K, used 35327K [0x00000000f5580000, 0x00000000f9380000, 0x0000000100000000)
  eden space 35328K, 99% used [0x00000000f5580000,0x00000000f77ffff8,0x00000000f7800000)
  from space 13824K, 0% used [0x00000000f8580000,0x00000000f8580000,0x00000000f9300000)
  to   space 512K, 0% used [0x00000000f7a00000,0x00000000f7a00000,0x00000000f7a80000)
 ParOldGen       total 349696K, used 349696K [0x00000000e0000000, 0x00000000f5580000, 0x00000000f5580000)
  object space 349696K, 100% used [0x00000000e0000000,0x00000000f5580000,0x00000000f5580000)
 Metaspace       used 59515K, committed 60672K, reserved 1105920K
  class space    used 5925K, committed 6400K, reserved 1048576K
}
Event: 527.354 GC heap after
{Heap after GC invocations=653 (full 491):
 PSYoungGen      total 35840K, used 35327K [0x00000000f5580000, 0x00000000f9380000, 0x0000000100000000)
  eden space 35328K, 99% used [0x00000000f5580000,0x00000000f77ffff8,0x00000000f7800000)
  from space 512K, 0% used [0x00000000f7a00000,0x00000000f7a00000,0x00000000f7a80000)
  to   space 13824K, 0% used [0x00000000f8580000,0x00000000f8580000,0x00000000f9300000)
 ParOldGen       total 349696K, used 349696K [0x00000000e0000000, 0x00000000f5580000, 0x00000000f5580000)
  object space 349696K, 100% used [0x00000000e0000000,0x00000000f5580000,0x00000000f5580000)
 Metaspace       used 59515K, committed 60672K, reserved 1105920K
  class space    used 5925K, committed 6400K, reserved 1048576K
}
Event: 527.354 GC heap before
{Heap before GC invocations=654 (full 492):
 PSYoungGen      total 35840K, used 35327K [0x00000000f5580000, 0x00000000f9380000, 0x0000000100000000)
  eden space 35328K, 99% used [0x00000000f5580000,0x00000000f77ffff8,0x00000000f7800000)
  from space 512K, 0% used [0x00000000f7a00000,0x00000000f7a00000,0x00000000f7a80000)
  to   space 13824K, 0% used [0x00000000f8580000,0x00000000f8580000,0x00000000f9300000)
 ParOldGen       total 349696K, used 349696K [0x00000000e0000000, 0x00000000f5580000, 0x00000000f5580000)
  object space 349696K, 100% used [0x00000000e0000000,0x00000000f5580000,0x00000000f5580000)
 Metaspace       used 59515K, committed 60672K, reserved 1105920K
  class space    used 5925K, committed 6400K, reserved 1048576K
}
Event: 528.363 GC heap after
{Heap after GC invocations=654 (full 492):
 PSYoungGen      total 49152K, used 35327K [0x00000000f5580000, 0x00000000f9380000, 0x0000000100000000)
  eden space 35328K, 99% used [0x00000000f5580000,0x00000000f77ffff8,0x00000000f7800000)
  from space 13824K, 0% used [0x00000000f8580000,0x00000000f8580000,0x00000000f9300000)
  to   space 512K, 0% used [0x00000000f7a00000,0x00000000f7a00000,0x00000000f7a80000)
 ParOldGen       total 349696K, used 349696K [0x00000000e0000000, 0x00000000f5580000, 0x00000000f5580000)
  object space 349696K, 100% used [0x00000000e0000000,0x00000000f5580000,0x00000000f5580000)
 Metaspace       used 59515K, committed 60672K, reserved 1105920K
  class space    used 5925K, committed 6400K, reserved 1048576K
}

Dll operation events (9 events):
Event: 0.099 Loaded shared library /nix/store/gpxl5qgg8kicmcvivwmybwjlpf7wh20l-graalvm17-ce-22.3.0/lib/libjava.so
Event: 0.232 Loaded shared library /nix/store/gpxl5qgg8kicmcvivwmybwjlpf7wh20l-graalvm17-ce-22.3.0/lib/libjsvml.so
Event: 0.385 Loaded shared library /nix/store/gpxl5qgg8kicmcvivwmybwjlpf7wh20l-graalvm17-ce-22.3.0/lib/libnio.so
Event: 0.391 Loaded shared library /nix/store/gpxl5qgg8kicmcvivwmybwjlpf7wh20l-graalvm17-ce-22.3.0/lib/libzip.so
Event: 0.406 Loaded shared library /nix/store/gpxl5qgg8kicmcvivwmybwjlpf7wh20l-graalvm17-ce-22.3.0/lib/libjvmcicompiler.so
Event: 0.858 Loaded shared library /nix/store/gpxl5qgg8kicmcvivwmybwjlpf7wh20l-graalvm17-ce-22.3.0/lib/libjimage.so
Event: 1.280 Loaded shared library /nix/store/gpxl5qgg8kicmcvivwmybwjlpf7wh20l-graalvm17-ce-22.3.0/lib/libnet.so
Event: 4.371 Loaded shared library /home/runner/.cache/jdt-language-server/config/org.eclipse.equinox.launcher/org.eclipse.equinox.launcher.gtk.linux.x86_64_1.2.400.v20211117-0650/eclipse_11600.so
Event: 11.964 Loaded shared library /nix/store/gpxl5qgg8kicmcvivwmybwjlpf7wh20l-graalvm17-ce-22.3.0/lib/libextnet.so

Deoptimization events (20 events):
Event: 50.560 Thread 0x00007fe02c4b11f0 DEOPT PACKING pc=0x00007fe07c35905d sp=0x00007fe0427fe530
Event: 50.560 Thread 0x00007fe02c4b11f0 DEOPT UNPACKING pc=0x00007fe07b505325 sp=0x00007fe0427fda20 mode 0
Event: 62.279 Thread 0x00007fe004034bb0 DEOPT PACKING pc=0x00007fe07bb5337f sp=0x00007fe0428fc600
Event: 62.279 Thread 0x00007fe004034bb0 DEOPT UNPACKING pc=0x00007fe07b505325 sp=0x00007fe0428fba90 mode 0
Event: 62.280 Thread 0x00007fe004034bb0 Uncommon trap: trap_request=0xffffffcd fr.pc=0x00007fe083030abd relative=0x0000000000000efd
Event: 62.280 Thread 0x00007fe004034bb0 Uncommon trap: reason=intrinsic_or_type_checked_inlining action=reinterpret pc=0x00007fe083030abd method=org.eclipse.jdt.internal.compiler.util.SimpleLookupTable.put(Ljava/lang/Object;Ljava/lang/Object;)Ljava/lang/Object; @ 0 jvmci
Event: 62.280 Thread 0x00007fe004034bb0 DEOPT PACKING pc=0x00007fe083030abd sp=0x00007fe0428fcec0
Event: 62.280 Thread 0x00007fe004034bb0 DEOPT UNPACKING pc=0x00007fe07b505325 sp=0x00007fe0428fc3a8 mode 3
Event: 356.461 Thread 0x00007fe024004010 Uncommon trap: trap_request=0xffffffed fr.pc=0x00007fe0830a0f81 relative=0x0000000000000161
Event: 356.461 Thread 0x00007fe024004010 Uncommon trap: reason=null_assert_or_unreached0 action=reinterpret pc=0x00007fe0830a0f81 method=java.util.concurrent.locks.AbstractQueuedSynchronizer.signalNext(Ljava/util/concurrent/locks/AbstractQueuedSynchronizer$Node;)V @ 17 jvmci
Event: 356.461 Thread 0x00007fe024004010 DEOPT PACKING pc=0x00007fe0830a0f81 sp=0x00007fe0784fe700
Event: 356.461 Thread 0x00007fe024004010 DEOPT UNPACKING pc=0x00007fe07b505325 sp=0x00007fe0784fdad0 mode 3
Event: 506.096 Thread 0x00007fe02c4b11f0 Uncommon trap: trap_request=0xffffff8f fr.pc=0x00007fe082f9f0a5 relative=0x00000000000011e5
Event: 506.096 Thread 0x00007fe02c4b11f0 Uncommon trap: reason=constraint action=none pc=0x00007fe082f9f0a5 method=org.eclipse.jdt.internal.core.index.DiskIndex.copyQueryResults(Lorg/eclipse/jdt/internal/compiler/util/HashtableOfObject;I)V @ 123 jvmci
Event: 506.096 Thread 0x00007fe02c4b11f0 DEOPT PACKING pc=0x00007fe082f9f0a5 sp=0x00007fe0427fe530
Event: 506.096 Thread 0x00007fe02c4b11f0 DEOPT UNPACKING pc=0x00007fe07b505325 sp=0x00007fe0427fda28 mode 3
Event: 508.194 Thread 0x00007fe02c4b11f0 Uncommon trap: trap_request=0xffffff8f fr.pc=0x00007fe083097214 relative=0x0000000000000274
Event: 508.194 Thread 0x00007fe02c4b11f0 Uncommon trap: reason=constraint action=none pc=0x00007fe083097214 method=org.eclipse.jdt.internal.core.index.DiskIndex$IntList.add(I)V @ 0 jvmci
Event: 508.194 Thread 0x00007fe02c4b11f0 DEOPT PACKING pc=0x00007fe083097214 sp=0x00007fe0427fe500
Event: 508.194 Thread 0x00007fe02c4b11f0 DEOPT UNPACKING pc=0x00007fe07b505325 sp=0x00007fe0427fd9b0 mode 3

Classes unloaded (20 events):
Event: 61.677 Thread 0x00007fe0940a1c10 Unloading class 0x0000000800f00800 'jdk/internal/reflect/GeneratedConstructorAccessor10'
Event: 61.677 Thread 0x00007fe0940a1c10 Unloading class 0x0000000800da5000 'java/lang/invoke/LambdaForm$MH+0x0000000800da5000'
Event: 61.677 Thread 0x00007fe0940a1c10 Unloading class 0x0000000800da4c00 'java/lang/invoke/LambdaForm$MH+0x0000000800da4c00'
Event: 61.677 Thread 0x00007fe0940a1c10 Unloading class 0x0000000800da4800 'java/lang/invoke/LambdaForm$MH+0x0000000800da4800'
Event: 61.677 Thread 0x00007fe0940a1c10 Unloading class 0x0000000800da4400 'java/lang/invoke/LambdaForm$MH+0x0000000800da4400'
Event: 61.677 Thread 0x00007fe0940a1c10 Unloading class 0x0000000800da4000 'jdk/internal/reflect/GeneratedConstructorAccessor3'
Event: 61.677 Thread 0x00007fe0940a1c10 Unloading class 0x0000000800d06800 'java/lang/invoke/LambdaForm$MH+0x0000000800d06800'
Event: 61.677 Thread 0x00007fe0940a1c10 Unloading class 0x0000000800d06000 'java/lang/invoke/LambdaForm$MH+0x0000000800d06000'
Event: 61.677 Thread 0x00007fe0940a1c10 Unloading class 0x0000000800d05c00 'java/lang/invoke/LambdaForm$MH+0x0000000800d05c00'
Event: 61.677 Thread 0x00007fe0940a1c10 Unloading class 0x0000000800d05800 'java/lang/invoke/LambdaForm$MH+0x0000000800d05800'
Event: 61.677 Thread 0x00007fe0940a1c10 Unloading class 0x0000000800d05000 'java/lang/invoke/LambdaForm$MH+0x0000000800d05000'
Event: 61.677 Thread 0x00007fe0940a1c10 Unloading class 0x0000000800d04c00 'java/lang/invoke/LambdaForm$MH+0x0000000800d04c00'
Event: 61.677 Thread 0x00007fe0940a1c10 Unloading class 0x0000000800d04800 'java/lang/invoke/LambdaForm$MH+0x0000000800d04800'
Event: 61.677 Thread 0x00007fe0940a1c10 Unloading class 0x0000000800d04000 'java/lang/invoke/LambdaForm$MH+0x0000000800d04000'
Event: 61.677 Thread 0x00007fe0940a1c10 Unloading class 0x0000000800c1d000 'jdk/internal/reflect/GeneratedMethodAccessor5'
Event: 61.677 Thread 0x00007fe0940a1c10 Unloading class 0x0000000800c1cc00 'jdk/internal/reflect/GeneratedMethodAccessor4'
Event: 61.677 Thread 0x00007fe0940a1c10 Unloading class 0x0000000800c1c800 'jdk/internal/reflect/GeneratedMethodAccessor3'
Event: 61.677 Thread 0x00007fe0940a1c10 Unloading class 0x0000000800c1c400 'jdk/internal/reflect/GeneratedMethodAccessor2'
Event: 61.677 Thread 0x00007fe0940a1c10 Unloading class 0x0000000800c1c000 'jdk/internal/reflect/GeneratedMethodAccessor1'
Event: 61.677 Thread 0x00007fe0940a1c10 Unloading class 0x0000000800c01c00 'java/lang/invoke/LambdaForm$DMH+0x0000000800c01c00'

Classes redefined (0 events):
No events

Internal exceptions (20 events):
Event: 39.698 Thread 0x00007fe0944c8600 Implicit null exception at 0x00007fe0830ccea1 to 0x00007fe0830cd6e6
Event: 41.867 Thread 0x00007fe02c334d40 Exception <a 'java/io/FileNotFoundException'{0x00000000f6105048}> (0x00000000f6105048) 
thrown [src/hotspot/share/prims/jni.cpp, line 516]
Event: 41.871 Thread 0x00007fe02c334d40 Exception <a 'java/lang/NoSuchMethodError'{0x00000000f6235168}: 'java.lang.Object java.lang.invoke.DirectMethodHandle$Holder.newInvokeSpecial(java.lang.Object, java.lang.Object, int, java.lang.Object, java.lang.Object)'> (0x00000000f6235168) 
thrown [src/hotspot/share/interpreter/linkResolver.cpp, line 758]
Event: 41.871 Thread 0x00007fe02c334d40 Exception <a 'java/lang/NoSuchMethodError'{0x00000000f62397e0}: 'java.lang.Object java.lang.invoke.DirectMethodHandle$Holder.invokeSpecial(java.lang.Object, java.lang.Object, java.lang.Object, int, java.lang.Object, java.lang.Object)'> (0x00000000f62397e0) 
thrown [src/hotspot/share/interpreter/linkResolver.cpp, line 758]
Event: 42.062 Thread 0x00007fe02c334d40 Exception <a 'java/lang/NoSuchMethodError'{0x00000000f5c23240}: 'java.lang.Object java.lang.invoke.DirectMethodHandle$Holder.newInvokeSpecial(java.lang.Object, java.lang.Object, java.lang.Object, int, java.lang.Object)'> (0x00000000f5c23240) 
thrown [src/hotspot/share/interpreter/linkResolver.cpp, line 758]
Event: 42.155 Thread 0x00007fe02c334d40 Exception <a 'java/lang/NoSuchMethodError'{0x00000000f5f905a0}: 'java.lang.Object java.lang.invoke.DirectMethodHandle$Holder.invokeSpecial(java.lang.Object, java.lang.Object, java.lang.Object, java.lang.Object, int, java.lang.Object)'> (0x00000000f5f905a0) 
thrown [src/hotspot/share/interpreter/linkResolver.cpp, line 758]
Event: 42.155 Thread 0x00007fe02c334d40 Exception <a 'java/lang/NoSuchMethodError'{0x00000000f5f94088}: 'java.lang.Object java.lang.invoke.Invokers$Holder.linkToTargetMethod(java.lang.Object, java.lang.Object, int, java.lang.Object, java.lang.Object)'> (0x00000000f5f94088) 
thrown [src/hotspot/share/interpreter/linkResolver.cpp, line 758]
Event: 42.567 Thread 0x00007fe004167b10 Implicit null exception at 0x00007fe0831e01a2 to 0x00007fe0831e0532
Event: 43.356 Thread 0x00007fe004167b10 Implicit null exception at 0x00007fe0830d5ee9 to 0x00007fe0830d609b
Event: 46.571 Thread 0x00007fe004167b10 Exception <a 'java/lang/NoSuchMethodError'{0x00000000f6e63838}: 'java.lang.Object java.lang.invoke.DirectMethodHandle$Holder.invokeStatic(java.lang.Object, int, java.lang.Object, java.lang.Object, java.lang.Object, java.lang.Object)'> (0x00000000f6e63838) 
thrown [src/hotspot/share/interpreter/linkResolver.cpp, line 758]
Event: 46.571 Thread 0x00007fe004167b10 Exception <a 'java/lang/NoSuchMethodError'{0x00000000f6e6bfa0}: 'java.lang.Object java.lang.invoke.DirectMethodHandle$Holder.newInvokeSpecial(java.lang.Object, int, java.lang.Object, java.lang.Object, java.lang.Object)'> (0x00000000f6e6bfa0) 
thrown [src/hotspot/share/interpreter/linkResolver.cpp, line 758]
Event: 47.064 Thread 0x00007fe00415c730 Exception <a 'java/lang/NoSuchMethodError'{0x00000000f6d1c1e0}: 'void java.lang.invoke.DirectMethodHandle$Holder.invokeSpecial(java.lang.Object, java.lang.Object, int)'> (0x00000000f6d1c1e0) 
thrown [src/hotspot/share/interpreter/linkResolver.cpp, line 758]
Event: 47.964 Thread 0x00007fe00415c730 Exception <a 'java/lang/NoSuchMethodError'{0x00000000f5bfb008}: 'int java.lang.invoke.DirectMethodHandle$Holder.invokeStatic(java.lang.Object, int, int, java.lang.Object)'> (0x00000000f5bfb008) 
thrown [src/hotspot/share/interpreter/linkResolver.cpp, line 758]
Event: 48.057 Thread 0x00007fe00415c730 Exception <a 'java/lang/NoSuchMethodError'{0x00000000f5ee0858}: 'int java.lang.invoke.DirectMethodHandle$Holder.invokeSpecialIFC(java.lang.Object, java.lang.Object, java.lang.Object, java.lang.Object)'> (0x00000000f5ee0858) 
thrown [src/hotspot/share/interpreter/linkResolver.cpp, line 758]
Event: 48.057 Thread 0x00007fe004034bb0 Exception <a 'java/lang/NoSuchMethodError'{0x00000000f5ee8d00}: 'int java.lang.invoke.DirectMethodHandle$Holder.invokeSpecialIFC(java.lang.Object, java.lang.Object, java.lang.Object, java.lang.Object)'> (0x00000000f5ee8d00) 
thrown [src/hotspot/share/interpreter/linkResolver.cpp, line 758]
Event: 506.095 Thread 0x00007fe02c4b11f0 Exception <a 'java/lang/OutOfMemoryError'{0x00000000e0004dd0}> (0x00000000e0004dd0) 
thrown [src/hotspot/share/gc/shared/memAllocator.cpp, line 138]
Event: 506.096 Thread 0x00007fe02c4b11f0 Implicit null exception at 0x00007fe082f9eb0e to 0x00007fe082f9f08a
Event: 508.194 Thread 0x00007fe02c4b11f0 Exception <a 'java/lang/OutOfMemoryError'{0x00000000e0004830}> (0x00000000e0004830) 
thrown [src/hotspot/share/gc/shared/memAllocator.cpp, line 138]
Event: 508.194 Thread 0x00007fe02c4b11f0 Implicit null exception at 0x00007fe08309716d to 0x00007fe0830971f9
Event: 528.363 Thread 0x00007fe0940b21e0 Exception <a 'java/lang/OutOfMemoryError'{0x00000000e00045b0}> (0x00000000e00045b0) 
thrown [src/hotspot/share/gc/shared/memAllocator.cpp, line 136]

VM Operations (20 events):
Event: 518.199 Executing VM operation: ParallelGCFailedAllocation done
Event: 518.199 Executing VM operation: ParallelGCFailedAllocation
Event: 519.095 Executing VM operation: ParallelGCFailedAllocation done
Event: 519.095 Executing VM operation: ParallelGCFailedAllocation
Event: 520.193 Executing VM operation: ParallelGCFailedAllocation done
Event: 520.194 Executing VM operation: ParallelGCFailedAllocation
Event: 521.356 Executing VM operation: ParallelGCFailedAllocation done
Event: 521.356 Executing VM operation: ParallelGCFailedAllocation
Event: 522.455 Executing VM operation: ParallelGCFailedAllocation done
Event: 522.455 Executing VM operation: ParallelGCFailedAllocation
Event: 523.369 Executing VM operation: ParallelGCFailedAllocation done
Event: 523.369 Executing VM operation: ParallelGCFailedAllocation
Event: 524.364 Executing VM operation: ParallelGCFailedAllocation done
Event: 524.364 Executing VM operation: ParallelGCFailedAllocation
Event: 525.368 Executing VM operation: ParallelGCFailedAllocation done
Event: 525.368 Executing VM operation: ParallelGCFailedAllocation
Event: 526.374 Executing VM operation: ParallelGCFailedAllocation done
Event: 526.374 Executing VM operation: ParallelGCFailedAllocation
Event: 528.363 Executing VM operation: ParallelGCFailedAllocation done
Event: 528.363 Executing VM operation: ParallelGCFailedAllocation

Events (20 events):
Event: 51.056 Thread 0x00007fe004034bb0 Thread added: 0x00007fe004034bb0
Event: 51.056 Protecting memory [0x00007fe042800000,0x00007fe042804000] with protection modes 0
Event: 52.357 Thread 0x00007fe004034bb0 Thread exited: 0x00007fe004034bb0
Event: 58.055 Thread 0x00007fe004034bb0 Thread added: 0x00007fe004034bb0
Event: 58.055 Protecting memory [0x00007fe042800000,0x00007fe042804000] with protection modes 0
Event: 62.270 Thread 0x00007fe0941ffb20 Thread exited: 0x00007fe0941ffb20
Event: 65.757 Thread 0x00007fe004034bb0 Thread exited: 0x00007fe004034bb0
Event: 94.059 Thread 0x00007fe024005250 Thread exited: 0x00007fe024005250
Event: 119.755 Thread 0x00007fdff8000ff0 Thread exited: 0x00007fdff8000ff0
Event: 119.755 Thread 0x00007fe000001130 Thread exited: 0x00007fe000001130
Event: 188.375 Thread 0x00007fe01c007440 Thread exited: 0x00007fe01c007440
Event: 344.799 loading class java/io/InterruptedIOException
Event: 347.588 loading class java/io/InterruptedIOException done
Event: 347.588 loading class javax/net/ssl/SSLException
Event: 347.588 loading class javax/net/ssl/SSLException done
Event: 350.660 loading class java/lang/AssertionError
Event: 350.660 loading class java/lang/AssertionError done
Event: 358.488 Thread 0x00007fe024004010 Thread exited: 0x00007fe024004010
Event: 363.978 Thread 0x00007fdffc4daf70 Thread exited: 0x00007fdffc4daf70
Event: 403.160 Thread 0x00007fdffc4db980 Thread exited: 0x00007fdffc4db980


Dynamic libraries:
e0000000-f5580000 rw-p 00000000 00:00 0 
f5580000-f9380000 rw-p 00000000 00:00 0 
f9380000-100000000 ---p 00000000 00:00 0 
800000000-800449000 rw-p 00001000 00:12d0 4611686019135357769            /nix/store/gpxl5qgg8kicmcvivwmybwjlpf7wh20l-graalvm17-ce-22.3.0/lib/server/classes.jsa
800449000-800bc8000 r--p 0044a000 00:12d0 4611686019135357769            /nix/store/gpxl5qgg8kicmcvivwmybwjlpf7wh20l-graalvm17-ce-22.3.0/lib/server/classes.jsa
800bc8000-800c00000 ---p 00000000 00:00 0 
800c00000-800c20000 rw-p 00000000 00:00 0 
800c20000-800c40000 rw-p 00000000 00:00 0 
800c40000-800cc0000 rw-p 00000000 00:00 0 
800cc0000-800d00000 rw-p 00000000 00:00 0 
800d00000-800dc0000 rw-p 00000000 00:00 0 
800dc0000-800e00000 rw-p 00000000 00:00 0 
800e00000-800f40000 rw-p 00000000 00:00 0 
800f40000-800f80000 rw-p 00000000 00:00 0 
800f80000-801000000 rw-p 00000000 00:00 0 
801000000-801240000 rw-p 00000000 00:00 0 
801240000-840c00000 ---p 00000000 00:00 0 
55b1d3602000-55b1d3603000 r-xp 00000000 00:12d0 4611686019099417844      /nix/store/gpxl5qgg8kicmcvivwmybwjlpf7wh20l-graalvm17-ce-22.3.0/bin/.java-wrapped
55b1d3604000-55b1d3605000 r--p 00001000 00:12d0 4611686019099417844      /nix/store/gpxl5qgg8kicmcvivwmybwjlpf7wh20l-graalvm17-ce-22.3.0/bin/.java-wrapped
55b1d3605000-55b1d3606000 rw-p 00002000 00:12d0 4611686019099417844      /nix/store/gpxl5qgg8kicmcvivwmybwjlpf7wh20l-graalvm17-ce-22.3.0/bin/.java-wrapped
55b1d3606000-55b1d3607000 rw-p 00004000 00:12d0 4611686019099417844      /nix/store/gpxl5qgg8kicmcvivwmybwjlpf7wh20l-graalvm17-ce-22.3.0/bin/.java-wrapped
55b1d3607000-55b1d3608000 rw-p 00005000 00:12d0 4611686019099417844      /nix/store/gpxl5qgg8kicmcvivwmybwjlpf7wh20l-graalvm17-ce-22.3.0/bin/.java-wrapped
55b1d55c2000-55b1d560a000 rw-p 00000000 00:00 0                          [heap]
7fdfd0000000-7fdfd014b000 rw-p 00000000 00:00 0 
7fdfd014b000-7fdfd4000000 ---p 00000000 00:00 0 
7fdfd4000000-7fdfd4021000 rw-p 00000000 00:00 0 
7fdfd4021000-7fdfd8000000 ---p 00000000 00:00 0 
7fdfd8000000-7fdfd8021000 rw-p 00000000 00:00 0 
7fdfd8021000-7fdfdc000000 ---p 00000000 00:00 0 
7fdfdc000000-7fdfdc165000 rw-p 00000000 00:00 0 
7fdfdc165000-7fdfe0000000 ---p 00000000 00:00 0 
7fdfe0000000-7fdfe0021000 rw-p 00000000 00:00 0 
7fdfe0021000-7fdfe4000000 ---p 00000000 00:00 0 
7fdfe4000000-7fdfe4021000 rw-p 00000000 00:00 0 
7fdfe4021000-7fdfe8000000 ---p 00000000 00:00 0 
7fdfe8000000-7fdfe8021000 rw-p 00000000 00:00 0 
7fdfe8021000-7fdfec000000 ---p 00000000 00:00 0 
7fdfec800000-7fdfec980000 rw-p 00000000 00:00 0 
7fdfec980000-7fdfec9b0000 rw-p 00000000 00:00 0 
7fdfec9b0000-7fdfeca00000 ---p 00000000 00:00 0 
7fdfeca00000-7fdfecd50000 rw-p 00000000 00:00 0 
7fdfecd50000-7fdfed000000 ---p 00000000 00:00 0 
7fdfed400000-7fdfed580000 rw-p 00000000 00:00 0 
7fdfed580000-7fdfed600000 rw-p 00000000 00:00 0 
7fdfed600000-7fdfedc00000 rw-p 00000000 00:00 0 
7fdfee4b3000-7fdff8000000 r--s 00000000 00:12d0 4611686019135192581      /nix/store/gpxl5qgg8kicmcvivwmybwjlpf7wh20l-graalvm17-ce-22.3.0/lib/modules
7fdff8000000-7fdff8021000 rw-p 00000000 00:00 0 
7fdff8021000-7fdffc000000 ---p 00000000 00:00 0 
7fdffc000000-7fdffc519000 rw-p 00000000 00:00 0 
7fdffc519000-7fe000000000 ---p 00000000 00:00 0 
7fe000000000-7fe0001c0000 rw-p 00000000 00:00 0 
7fe0001c0000-7fe004000000 ---p 00000000 00:00 0 
7fe004000000-7fe0041b4000 rw-p 00000000 00:00 0 
7fe0041b4000-7fe008000000 ---p 00000000 00:00 0 
7fe008000000-7fe008021000 rw-p 00000000 00:00 0 
7fe008021000-7fe00c000000 ---p 00000000 00:00 0 
7fe00c000000-7fe00c021000 rw-p 00000000 00:00 0 
7fe00c021000-7fe010000000 ---p 00000000 00:00 0 
7fe010000000-7fe010300000 rw-p 00000000 00:00 0 
7fe010300000-7fe014000000 ---p 00000000 00:00 0 
7fe014000000-7fe014069000 rw-p 00000000 00:00 0 
7fe014069000-7fe018000000 ---p 00000000 00:00 0 
7fe018000000-7fe018021000 rw-p 00000000 00:00 0 
7fe018021000-7fe01c000000 ---p 00000000 00:00 0 
7fe01c000000-7fe01c085000 rw-p 00000000 00:00 0 
7fe01c085000-7fe020000000 ---p 00000000 00:00 0 
7fe020000000-7fe020021000 rw-p 00000000 00:00 0 
7fe020021000-7fe024000000 ---p 00000000 00:00 0 
7fe024000000-7fe024021000 rw-p 00000000 00:00 0 
7fe024021000-7fe028000000 ---p 00000000 00:00 0 
7fe028000000-7fe028025000 rw-p 00000000 00:00 0 
7fe028025000-7fe02c000000 ---p 00000000 00:00 0 
7fe02c000000-7fe02c8eb000 rw-p 00000000 00:00 0 
7fe02c8eb000-7fe030000000 ---p 00000000 00:00 0 
7fe030c00000-7fe030d00000 rw-p 00000000 00:00 0 
7fe030d00000-7fe030e00000 rw-p 00000000 00:00 0 
7fe030e00000-7fe031400000 rw-p 00000000 00:00 0 
7fe031400000-7fe031500000 rw-p 00000000 00:00 0 
7fe031500000-7fe031600000 rw-p 00000000 00:00 0 
7fe031600000-7fe031700000 rw-p 00000000 00:00 0 
7fe031700000-7fe031800000 rw-p 00000000 00:00 0 
7fe031800000-7fe031980000 rw-p 00000000 00:00 0 
7fe031980000-7fe031a00000 rw-p 00000000 00:00 0 
7fe031a00000-7fe031b00000 rw-p 00000000 00:00 0 
7fe031b00000-7fe031c00000 rw-p 00000000 00:00 0 
7fe032000000-7fe032100000 rw-p 00000000 00:00 0 
7fe032100000-7fe032200000 rw-p 00000000 00:00 0 
7fe032200000-7fe032780000 rw-p 00000000 00:00 0 
7fe032780000-7fe032800000 rw-p 00000000 00:00 0 
7fe032800000-7fe032900000 rw-p 00000000 00:00 0 
7fe032900000-7fe032a00000 rw-p 00000000 00:00 0 
7fe032a00000-7fe032d00000 rw-p 00000000 00:00 0 
7fe032d00000-7fe032e00000 rw-p 00000000 00:00 0 
7fe032e00000-7fe033000000 rw-p 00000000 00:00 0 
7fe033000000-7fe033010000 r-xp 00000000 00:12cd 358                      /home/runner/.cache/jdt-language-server/config/org.eclipse.equinox.launcher/org.eclipse.equinox.launcher.gtk.linux.x86_64_1.2.400.v20211117-0650/eclipse_11600.so
7fe033010000-7fe03320f000 ---p 00010000 00:12cd 358                      /home/runner/.cache/jdt-language-server/config/org.eclipse.equinox.launcher/org.eclipse.equinox.launcher.gtk.linux.x86_64_1.2.400.v20211117-0650/eclipse_11600.so
7fe03320f000-7fe033210000 r--p 0000f000 00:12cd 358                      /home/runner/.cache/jdt-language-server/config/org.eclipse.equinox.launcher/org.eclipse.equinox.launcher.gtk.linux.x86_64_1.2.400.v20211117-0650/eclipse_11600.so
7fe033210000-7fe033211000 rw-p 00010000 00:12cd 358                      /home/runner/.cache/jdt-language-server/config/org.eclipse.equinox.launcher/org.eclipse.equinox.launcher.gtk.linux.x86_64_1.2.400.v20211117-0650/eclipse_11600.so
7fe034000000-7fe034021000 rw-p 00000000 00:00 0 
7fe034021000-7fe038000000 ---p 00000000 00:00 0 
7fe038000000-7fe038021000 rw-p 00000000 00:00 0 
7fe038021000-7fe03c000000 ---p 00000000 00:00 0 
7fe03c000000-7fe03c021000 rw-p 00000000 00:00 0 
7fe03c021000-7fe040000000 ---p 00000000 00:00 0 
7fe040900000-7fe040a00000 ---p 00000000 00:00 0 
7fe040a00000-7fe040faf000 r--p 01122000 00:12d0 4611686019135190040      /nix/store/gpxl5qgg8kicmcvivwmybwjlpf7wh20l-graalvm17-ce-22.3.0/lib/libjvmcicompiler.so
7fe040faf000-7fe041100000 r--p 00000000 00:00 0 
7fe041100000-7fe04113d000 rw-p 00000000 00:00 0 
7fe04113d000-7fe04165d000 rw-p 0185f000 00:12d0 4611686019135190040      /nix/store/gpxl5qgg8kicmcvivwmybwjlpf7wh20l-graalvm17-ce-22.3.0/lib/libjvmcicompiler.so
7fe04165d000-7fe041a44000 r--p 01d7f000 00:12d0 4611686019135190040      /nix/store/gpxl5qgg8kicmcvivwmybwjlpf7wh20l-graalvm17-ce-22.3.0/lib/libjvmcicompiler.so
7fe041b00000-7fe041b04000 ---p 00000000 00:00 0 
7fe041b04000-7fe041c00000 rw-p 00000000 00:00 0 
7fe041d00000-7fe041d04000 ---p 00000000 00:00 0 
7fe041d04000-7fe041e00000 rw-p 00000000 00:00 0 
7fe041f00000-7fe041f04000 ---p 00000000 00:00 0 
7fe041f04000-7fe042000000 rw-p 00000000 00:00 0 
7fe042000000-7fe042004000 ---p 00000000 00:00 0 
7fe042004000-7fe042100000 rw-p 00000000 00:00 0 
7fe042100000-7fe042104000 ---p 00000000 00:00 0 
7fe042104000-7fe042200000 rw-p 00000000 00:00 0 
7fe042300000-7fe042304000 ---p 00000000 00:00 0 
7fe042304000-7fe042400000 rw-p 00000000 00:00 0 
7fe042500000-7fe042504000 ---p 00000000 00:00 0 
7fe042504000-7fe042600000 rw-p 00000000 00:00 0 
7fe042600000-7fe042604000 ---p 00000000 00:00 0 
7fe042604000-7fe042700000 rw-p 00000000 00:00 0 
7fe042700000-7fe042704000 ---p 00000000 00:00 0 
7fe042704000-7fe042800000 rw-p 00000000 00:00 0 
7fe042800000-7fe042804000 ---p 00000000 00:00 0 
7fe042804000-7fe042900000 rw-p 00000000 00:00 0 
7fe042900000-7fe042904000 ---p 00000000 00:00 0 
7fe042904000-7fe042a00000 rw-p 00000000 00:00 0 
7fe042a00000-7fe042a04000 ---p 00000000 00:00 0 
7fe042a04000-7fe042b00000 rw-p 00000000 00:00 0 
7fe042b00000-7fe042b04000 ---p 00000000 00:00 0 
7fe042b04000-7fe042c00000 rw-p 00000000 00:00 0 
7fe042c00000-7fe042c04000 ---p 00000000 00:00 0 
7fe042c04000-7fe042d00000 rw-p 00000000 00:00 0 
7fe042d00000-7fe042d04000 ---p 00000000 00:00 0 
7fe042d04000-7fe042e00000 rw-p 00000000 00:00 0 
7fe043a68000-7fe043f00000 rw-p 00000000 00:00 0 
7fe044000000-7fe044021000 rw-p 00000000 00:00 0 
7fe044021000-7fe048000000 ---p 00000000 00:00 0 
7fe048000000-7fe048021000 rw-p 00000000 00:00 0 
7fe048021000-7fe04c000000 ---p 00000000 00:00 0 
7fe04c000000-7fe04c0e1000 rw-p 00000000 00:00 0 
7fe04c0e1000-7fe050000000 ---p 00000000 00:00 0 
7fe050000000-7fe050021000 rw-p 00000000 00:00 0 
7fe050021000-7fe054000000 ---p 00000000 00:00 0 
7fe054000000-7fe0540d5000 rw-p 00000000 00:00 0 
7fe0540d5000-7fe058000000 ---p 00000000 00:00 0 
7fe058000000-7fe058a96000 rw-p 00000000 00:00 0 
7fe058a96000-7fe05c000000 ---p 00000000 00:00 0 
7fe05c000000-7fe05c021000 rw-p 00000000 00:00 0 
7fe05c021000-7fe060000000 ---p 00000000 00:00 0 
7fe060000000-7fe060021000 rw-p 00000000 00:00 0 
7fe060021000-7fe064000000 ---p 00000000 00:00 0 
7fe064000000-7fe064021000 rw-p 00000000 00:00 0 
7fe064021000-7fe068000000 ---p 00000000 00:00 0 
7fe068000000-7fe068021000 rw-p 00000000 00:00 0 
7fe068021000-7fe06c000000 ---p 00000000 00:00 0 
7fe06c000000-7fe06c021000 rw-p 00000000 00:00 0 
7fe06c021000-7fe070000000 ---p 00000000 00:00 0 
7fe070000000-7fe070021000 rw-p 00000000 00:00 0 
7fe070021000-7fe074000000 ---p 00000000 00:00 0 
7fe074000000-7fe074060000 rw-p 00000000 00:00 0 
7fe074060000-7fe078004000 ---p 00000000 00:00 0 
7fe078004000-7fe078100000 rw-p 00000000 00:00 0 
7fe078100000-7fe078104000 ---p 00000000 00:00 0 
7fe078104000-7fe078200000 rw-p 00000000 00:00 0 
7fe078300000-7fe078304000 ---p 00000000 00:00 0 
7fe078304000-7fe078400000 rw-p 00000000 00:00 0 
7fe078400000-7fe078404000 ---p 00000000 00:00 0 
7fe078404000-7fe078500000 rw-p 00000000 00:00 0 
7fe078500000-7fe078504000 ---p 00000000 00:00 0 
7fe078504000-7fe078600000 rw-p 00000000 00:00 0 
7fe078700000-7fe078704000 ---p 00000000 00:00 0 
7fe078704000-7fe078800000 rw-p 00000000 00:00 0 
7fe078800000-7fe078804000 ---p 00000000 00:00 0 
7fe078804000-7fe078900000 rw-p 00000000 00:00 0 
7fe078900000-7fe078904000 ---p 00000000 00:00 0 
7fe078904000-7fe078a00000 rw-p 00000000 00:00 0 
7fe078a00000-7fe07ab6a000 r-xp 00000000 00:12d0 4611686019135190040      /nix/store/gpxl5qgg8kicmcvivwmybwjlpf7wh20l-graalvm17-ce-22.3.0/lib/libjvmcicompiler.so
7fe07ab6a000-7fe07ad69000 ---p 0216a000 00:12d0 4611686019135190040      /nix/store/gpxl5qgg8kicmcvivwmybwjlpf7wh20l-graalvm17-ce-22.3.0/lib/libjvmcicompiler.so
7fe07ad69000-7fe07ad6a000 r--p 02169000 00:12d0 4611686019135190040      /nix/store/gpxl5qgg8kicmcvivwmybwjlpf7wh20l-graalvm17-ce-22.3.0/lib/libjvmcicompiler.so
7fe07ad6a000-7fe07ad6c000 rw-p 0216a000 00:12d0 4611686019135190040      /nix/store/gpxl5qgg8kicmcvivwmybwjlpf7wh20l-graalvm17-ce-22.3.0/lib/libjvmcicompiler.so
7fe07ad6c000-7fe07ad6d000 rw-p 00000000 00:00 0 
7fe07ad6d000-7fe07ad72000 rw-p 023c3000 00:12d0 4611686019135190040      /nix/store/gpxl5qgg8kicmcvivwmybwjlpf7wh20l-graalvm17-ce-22.3.0/lib/libjvmcicompiler.so
7fe07adb1000-7fe07adb2000 ---p 00000000 00:00 0 
7fe07adb2000-7fe07aeb3000 rw-p 00000000 00:00 0 
7fe07aeb3000-7fe07aeb7000 ---p 00000000 00:00 0 
7fe07aeb7000-7fe07afb3000 rw-p 00000000 00:00 0 
7fe07afb3000-7fe07afb7000 ---p 00000000 00:00 0 
7fe07afb7000-7fe07b0b3000 rw-p 00000000 00:00 0 
7fe07b0b3000-7fe07b0b7000 ---p 00000000 00:00 0 
7fe07b0b7000-7fe07b2b3000 rw-p 00000000 00:00 0 
7fe07b2b3000-7fe07b2b7000 ---p 00000000 00:00 0 
7fe07b2b7000-7fe07b4b3000 rw-p 00000000 00:00 0 
7fe07b4b3000-7fe07b723000 rwxp 00000000 00:00 0 
7fe07b723000-7fe07ba42000 ---p 00000000 00:00 0 
7fe07ba42000-7fe07c9f2000 rwxp 00000000 00:00 0 
7fe07c9f2000-7fe082f7a000 ---p 00000000 00:00 0 
7fe082f7a000-7fe08320a000 rwxp 00000000 00:00 0 
7fe08320a000-7fe08a4b3000 ---p 00000000 00:00 0 
7fe08a4b3000-7fe094000000 r--s 00000000 00:12d0 4611686019135192581      /nix/store/gpxl5qgg8kicmcvivwmybwjlpf7wh20l-graalvm17-ce-22.3.0/lib/modules
7fe094000000-7fe09460c000 rw-p 00000000 00:00 0 
7fe09460c000-7fe098000000 ---p 00000000 00:00 0 
7fe09801a000-7fe09801e000 ---p 00000000 00:00 0 
7fe09801e000-7fe09811a000 rw-p 00000000 00:00 0 
7fe09811a000-7fe09811e000 ---p 00000000 00:00 0 
7fe09811e000-7fe09821a000 rw-p 00000000 00:00 0 
7fe09821a000-7fe09821e000 ---p 00000000 00:00 0 
7fe09821e000-7fe09831a000 rw-p 00000000 00:00 0 
7fe09831a000-7fe09831e000 ---p 00000000 00:00 0 
7fe09831e000-7fe09841a000 rw-p 00000000 00:00 0 
7fe09841a000-7fe098700000 r--p 00000000 00:12c1 28444448                 /usr/lib/locale/locale-archive
7fe098700000-7fe098704000 ---p 00000000 00:00 0 
7fe098704000-7fe098c00000 rw-p 00000000 00:00 0 
7fe098c00000-7fe098f00000 rw-p 00000000 00:00 0 
7fe098f00000-7fe099000000 rw-p 00000000 00:00 0 
7fe09900d000-7fe09900f000 r-xp 00000000 00:12d0 4611686019135190017      /nix/store/gpxl5qgg8kicmcvivwmybwjlpf7wh20l-graalvm17-ce-22.3.0/lib/libextnet.so
7fe09900f000-7fe099010000 r--p 00001000 00:12d0 4611686019135190017      /nix/store/gpxl5qgg8kicmcvivwmybwjlpf7wh20l-graalvm17-ce-22.3.0/lib/libextnet.so
7fe099010000-7fe099011000 rw-p 00002000 00:12d0 4611686019135190017      /nix/store/gpxl5qgg8kicmcvivwmybwjlpf7wh20l-graalvm17-ce-22.3.0/lib/libextnet.so
7fe099011000-7fe099012000 rw-p 00004000 00:12d0 4611686019135190017      /nix/store/gpxl5qgg8kicmcvivwmybwjlpf7wh20l-graalvm17-ce-22.3.0/lib/libextnet.so
7fe099012000-7fe099016000 ---p 00000000 00:00 0 
7fe099016000-7fe099034000 rw-p 00000000 00:00 0 
7fe099034000-7fe09903b000 r-xp 00000000 00:12d0 4611686019135192580      /nix/store/gpxl5qgg8kicmcvivwmybwjlpf7wh20l-graalvm17-ce-22.3.0/lib/libzip.so
7fe09903b000-7fe09903c000 ---p 00007000 00:12d0 4611686019135192580      /nix/store/gpxl5qgg8kicmcvivwmybwjlpf7wh20l-graalvm17-ce-22.3.0/lib/libzip.so
7fe09903c000-7fe09903d000 r--p 00007000 00:12d0 4611686019135192580      /nix/store/gpxl5qgg8kicmcvivwmybwjlpf7wh20l-graalvm17-ce-22.3.0/lib/libzip.so
7fe09903d000-7fe09903e000 rw-p 00008000 00:12d0 4611686019135192580      /nix/store/gpxl5qgg8kicmcvivwmybwjlpf7wh20l-graalvm17-ce-22.3.0/lib/libzip.so
7fe09903e000-7fe099040000 rw-p 0000b000 00:12d0 4611686019135192580      /nix/store/gpxl5qgg8kicmcvivwmybwjlpf7wh20l-graalvm17-ce-22.3.0/lib/libzip.so
7fe099040000-7fe099055000 r-xp 00000000 00:12d0 4611686019135192570      /nix/store/gpxl5qgg8kicmcvivwmybwjlpf7wh20l-graalvm17-ce-22.3.0/lib/libnet.so
7fe099055000-7fe099056000 ---p 00015000 00:12d0 4611686019135192570      /nix/store/gpxl5qgg8kicmcvivwmybwjlpf7wh20l-graalvm17-ce-22.3.0/lib/libnet.so
7fe099056000-7fe099057000 r--p 00015000 00:12d0 4611686019135192570      /nix/store/gpxl5qgg8kicmcvivwmybwjlpf7wh20l-graalvm17-ce-22.3.0/lib/libnet.so
7fe099057000-7fe099058000 rw-p 00016000 00:12d0 4611686019135192570      /nix/store/gpxl5qgg8kicmcvivwmybwjlpf7wh20l-graalvm17-ce-22.3.0/lib/libnet.so
7fe099058000-7fe09905b000 rw-p 0001b000 00:12d0 4611686019135192570      /nix/store/gpxl5qgg8kicmcvivwmybwjlpf7wh20l-graalvm17-ce-22.3.0/lib/libnet.so
7fe09905b000-7fe09906e000 r-xp 00000000 00:12d0 4611686019135192571      /nix/store/gpxl5qgg8kicmcvivwmybwjlpf7wh20l-graalvm17-ce-22.3.0/lib/libnio.so
7fe09906e000-7fe09906f000 r--p 00012000 00:12d0 4611686019135192571      /nix/store/gpxl5qgg8kicmcvivwmybwjlpf7wh20l-graalvm17-ce-22.3.0/lib/libnio.so
7fe09906f000-7fe099070000 rw-p 00013000 00:12d0 4611686019135192571      /nix/store/gpxl5qgg8kicmcvivwmybwjlpf7wh20l-graalvm17-ce-22.3.0/lib/libnio.so
7fe099070000-7fe099075000 rw-p 00019000 00:12d0 4611686019135192571      /nix/store/gpxl5qgg8kicmcvivwmybwjlpf7wh20l-graalvm17-ce-22.3.0/lib/libnio.so
7fe099075000-7fe099079000 ---p 00000000 00:00 0 
7fe099079000-7fe099175000 rw-p 00000000 00:00 0 
7fe099175000-7fe099176000 ---p 00000000 00:00 0 
7fe099176000-7fe099277000 rw-p 00000000 00:00 0 
7fe099277000-7fe099345000 r-xp 00000000 00:12d0 4611686019135190036      /nix/store/gpxl5qgg8kicmcvivwmybwjlpf7wh20l-graalvm17-ce-22.3.0/lib/libjsvml.so
7fe099345000-7fe099346000 r--p 000cd000 00:12d0 4611686019135190036      /nix/store/gpxl5qgg8kicmcvivwmybwjlpf7wh20l-graalvm17-ce-22.3.0/lib/libjsvml.so
7fe099346000-7fe099347000 rw-p 000ce000 00:12d0 4611686019135190036      /nix/store/gpxl5qgg8kicmcvivwmybwjlpf7wh20l-graalvm17-ce-22.3.0/lib/libjsvml.so
7fe099347000-7fe09ac1f000 rw-p 00000000 00:00 0 
7fe09ac1f000-7fe09ac20000 ---p 00000000 00:00 0 
7fe09ac20000-7fe09adcb000 rw-p 00000000 00:00 0 
7fe09adcb000-7fe09adeb000 rw-p 00000000 00:00 0 
7fe09adeb000-7fe09ae21000 ---p 00000000 00:00 0 
7fe09ae21000-7fe09ae28000 rw-p 00000000 00:00 0 
7fe09ae28000-7fe09af0d000 ---p 00000000 00:00 0 
7fe09af0d000-7fe09af2d000 rw-p 00000000 00:00 0 
7fe09af2d000-7fe09aff8000 ---p 00000000 00:00 0 
7fe09aff8000-7fe09affd000 rw-p 00000000 00:00 0 
7fe09affd000-7fe09b004000 ---p 00000000 00:00 0 
7fe09b004000-7fe09b028000 r-xp 00000000 00:12d0 4611686019135190028      /nix/store/gpxl5qgg8kicmcvivwmybwjlpf7wh20l-graalvm17-ce-22.3.0/lib/libjava.so
7fe09b028000-7fe09b029000 ---p 00024000 00:12d0 4611686019135190028      /nix/store/gpxl5qgg8kicmcvivwmybwjlpf7wh20l-graalvm17-ce-22.3.0/lib/libjava.so
7fe09b029000-7fe09b02a000 r--p 00024000 00:12d0 4611686019135190028      /nix/store/gpxl5qgg8kicmcvivwmybwjlpf7wh20l-graalvm17-ce-22.3.0/lib/libjava.so
7fe09b02a000-7fe09b02b000 rw-p 00025000 00:12d0 4611686019135190028      /nix/store/gpxl5qgg8kicmcvivwmybwjlpf7wh20l-graalvm17-ce-22.3.0/lib/libjava.so
7fe09b02b000-7fe09b02c000 rw-p 00000000 00:00 0 
7fe09b02c000-7fe09b033000 rw-p 0002f000 00:12d0 4611686019135190028      /nix/store/gpxl5qgg8kicmcvivwmybwjlpf7wh20l-graalvm17-ce-22.3.0/lib/libjava.so
7fe09b033000-7fe09b03b000 rw-s 00000000 00:1281 355                      /tmp/hsperfdata_runner/27
7fe09b03b000-7fe09b03c000 ---p 00000000 00:00 0 
7fe09b03c000-7fe09b03d000 r--p 00000000 00:00 0 
7fe09b03d000-7fe09b03e000 rwxp 00000000 00:00 0 
7fe09b03e000-7fe09b059000 r-xp 00000000 00:12d0 4611686019135190032      /nix/store/gpxl5qgg8kicmcvivwmybwjlpf7wh20l-graalvm17-ce-22.3.0/lib/libjimage.so
7fe09b059000-7fe09b05a000 ---p 0001b000 00:12d0 4611686019135190032      /nix/store/gpxl5qgg8kicmcvivwmybwjlpf7wh20l-graalvm17-ce-22.3.0/lib/libjimage.so
7fe09b05a000-7fe09b05c000 r--p 0001b000 00:12d0 4611686019135190032      /nix/store/gpxl5qgg8kicmcvivwmybwjlpf7wh20l-graalvm17-ce-22.3.0/lib/libjimage.so
7fe09b05c000-7fe09b05d000 rw-p 0001d000 00:12d0 4611686019135190032      /nix/store/gpxl5qgg8kicmcvivwmybwjlpf7wh20l-graalvm17-ce-22.3.0/lib/libjimage.so
7fe09b05d000-7fe09b05e000 rw-p 00024000 00:12d0 4611686019135190032      /nix/store/gpxl5qgg8kicmcvivwmybwjlpf7wh20l-graalvm17-ce-22.3.0/lib/libjimage.so
7fe09b05e000-7fe09b062000 ---p 00000000 00:00 0 
7fe09b062000-7fe09b15e000 rw-p 00000000 00:00 0 
7fe09b15e000-7fe09b16c000 r--p 00000000 00:12d0 4611686019027979927      /nix/store/4nlgxhb09sdr51nc9hdm8az5b08vzkgx-glibc-2.35-163/lib/libm.so.6
7fe09b16c000-7fe09b1df000 r-xp 0000e000 00:12d0 4611686019027979927      /nix/store/4nlgxhb09sdr51nc9hdm8az5b08vzkgx-glibc-2.35-163/lib/libm.so.6
7fe09b1df000-7fe09b23c000 r--p 00081000 00:12d0 4611686019027979927      /nix/store/4nlgxhb09sdr51nc9hdm8az5b08vzkgx-glibc-2.35-163/lib/libm.so.6
7fe09b23c000-7fe09b23d000 r--p 000dd000 00:12d0 4611686019027979927      /nix/store/4nlgxhb09sdr51nc9hdm8az5b08vzkgx-glibc-2.35-163/lib/libm.so.6
7fe09b23d000-7fe09b23e000 rw-p 000de000 00:12d0 4611686019027979927      /nix/store/4nlgxhb09sdr51nc9hdm8az5b08vzkgx-glibc-2.35-163/lib/libm.so.6
7fe09b23e000-7fe09b23f000 r--p 00000000 00:12d0 4611686019027979946      /nix/store/4nlgxhb09sdr51nc9hdm8az5b08vzkgx-glibc-2.35-163/lib/librt.so.1
7fe09b23f000-7fe09b240000 r-xp 00001000 00:12d0 4611686019027979946      /nix/store/4nlgxhb09sdr51nc9hdm8az5b08vzkgx-glibc-2.35-163/lib/librt.so.1
7fe09b240000-7fe09b241000 r--p 00002000 00:12d0 4611686019027979946      /nix/store/4nlgxhb09sdr51nc9hdm8az5b08vzkgx-glibc-2.35-163/lib/librt.so.1
7fe09b241000-7fe09b242000 r--p 00002000 00:12d0 4611686019027979946      /nix/store/4nlgxhb09sdr51nc9hdm8az5b08vzkgx-glibc-2.35-163/lib/librt.so.1
7fe09b242000-7fe09b243000 rw-p 00003000 00:12d0 4611686019027979946      /nix/store/4nlgxhb09sdr51nc9hdm8az5b08vzkgx-glibc-2.35-163/lib/librt.so.1
7fe09b243000-7fe09c356000 r-xp 00000000 00:12d0 4611686019135360866      /nix/store/gpxl5qgg8kicmcvivwmybwjlpf7wh20l-graalvm17-ce-22.3.0/lib/server/libjvm.so
7fe09c356000-7fe09c357000 ---p 01113000 00:12d0 4611686019135360866      /nix/store/gpxl5qgg8kicmcvivwmybwjlpf7wh20l-graalvm17-ce-22.3.0/lib/server/libjvm.so
7fe09c357000-7fe09c40c000 r--p 01113000 00:12d0 4611686019135360866      /nix/store/gpxl5qgg8kicmcvivwmybwjlpf7wh20l-graalvm17-ce-22.3.0/lib/server/libjvm.so
7fe09c40c000-7fe09c440000 rw-p 011c8000 00:12d0 4611686019135360866      /nix/store/gpxl5qgg8kicmcvivwmybwjlpf7wh20l-graalvm17-ce-22.3.0/lib/server/libjvm.so
7fe09c440000-7fe09c49c000 rw-p 00000000 00:00 0 
7fe09c49c000-7fe09c4c4000 r--p 00000000 00:12d0 4611686019027979918      /nix/store/4nlgxhb09sdr51nc9hdm8az5b08vzkgx-glibc-2.35-163/lib/libc.so.6
7fe09c4c4000-7fe09c63a000 r-xp 00028000 00:12d0 4611686019027979918      /nix/store/4nlgxhb09sdr51nc9hdm8az5b08vzkgx-glibc-2.35-163/lib/libc.so.6
7fe09c63a000-7fe09c692000 r--p 0019e000 00:12d0 4611686019027979918      /nix/store/4nlgxhb09sdr51nc9hdm8az5b08vzkgx-glibc-2.35-163/lib/libc.so.6
7fe09c692000-7fe09c696000 r--p 001f6000 00:12d0 4611686019027979918      /nix/store/4nlgxhb09sdr51nc9hdm8az5b08vzkgx-glibc-2.35-163/lib/libc.so.6
7fe09c696000-7fe09c698000 rw-p 001fa000 00:12d0 4611686019027979918      /nix/store/4nlgxhb09sdr51nc9hdm8az5b08vzkgx-glibc-2.35-163/lib/libc.so.6
7fe09c698000-7fe09c6a7000 rw-p 00000000 00:00 0 
7fe09c6a7000-7fe09c6a8000 r--p 00000000 00:12d0 4611686019027979923      /nix/store/4nlgxhb09sdr51nc9hdm8az5b08vzkgx-glibc-2.35-163/lib/libdl.so.2
7fe09c6a8000-7fe09c6a9000 r-xp 00001000 00:12d0 4611686019027979923      /nix/store/4nlgxhb09sdr51nc9hdm8az5b08vzkgx-glibc-2.35-163/lib/libdl.so.2
7fe09c6a9000-7fe09c6aa000 r--p 00002000 00:12d0 4611686019027979923      /nix/store/4nlgxhb09sdr51nc9hdm8az5b08vzkgx-glibc-2.35-163/lib/libdl.so.2
7fe09c6aa000-7fe09c6ab000 r--p 00002000 00:12d0 4611686019027979923      /nix/store/4nlgxhb09sdr51nc9hdm8az5b08vzkgx-glibc-2.35-163/lib/libdl.so.2
7fe09c6ab000-7fe09c6ac000 rw-p 00003000 00:12d0 4611686019027979923      /nix/store/4nlgxhb09sdr51nc9hdm8az5b08vzkgx-glibc-2.35-163/lib/libdl.so.2
7fe09c6ac000-7fe09c6ad000 r--p 00000000 00:12d0 4611686019027979942      /nix/store/4nlgxhb09sdr51nc9hdm8az5b08vzkgx-glibc-2.35-163/lib/libpthread.so.0
7fe09c6ad000-7fe09c6ae000 r-xp 00001000 00:12d0 4611686019027979942      /nix/store/4nlgxhb09sdr51nc9hdm8az5b08vzkgx-glibc-2.35-163/lib/libpthread.so.0
7fe09c6ae000-7fe09c6af000 r--p 00002000 00:12d0 4611686019027979942      /nix/store/4nlgxhb09sdr51nc9hdm8az5b08vzkgx-glibc-2.35-163/lib/libpthread.so.0
7fe09c6af000-7fe09c6b0000 r--p 00002000 00:12d0 4611686019027979942      /nix/store/4nlgxhb09sdr51nc9hdm8az5b08vzkgx-glibc-2.35-163/lib/libpthread.so.0
7fe09c6b0000-7fe09c6b1000 rw-p 00003000 00:12d0 4611686019027979942      /nix/store/4nlgxhb09sdr51nc9hdm8az5b08vzkgx-glibc-2.35-163/lib/libpthread.so.0
7fe09c6b1000-7fe09c6bf000 r-xp 00000000 00:12d0 4611686019135190033      /nix/store/gpxl5qgg8kicmcvivwmybwjlpf7wh20l-graalvm17-ce-22.3.0/lib/libjli.so
7fe09c6bf000-7fe09c6c0000 ---p 0000e000 00:12d0 4611686019135190033      /nix/store/gpxl5qgg8kicmcvivwmybwjlpf7wh20l-graalvm17-ce-22.3.0/lib/libjli.so
7fe09c6c0000-7fe09c6c1000 r--p 0000e000 00:12d0 4611686019135190033      /nix/store/gpxl5qgg8kicmcvivwmybwjlpf7wh20l-graalvm17-ce-22.3.0/lib/libjli.so
7fe09c6c1000-7fe09c6c2000 rw-p 0000f000 00:12d0 4611686019135190033      /nix/store/gpxl5qgg8kicmcvivwmybwjlpf7wh20l-graalvm17-ce-22.3.0/lib/libjli.so
7fe09c6c2000-7fe09c6c3000 rw-p 00012000 00:12d0 4611686019135190033      /nix/store/gpxl5qgg8kicmcvivwmybwjlpf7wh20l-graalvm17-ce-22.3.0/lib/libjli.so
7fe09c6c3000-7fe09c6c6000 r--p 00000000 00:12d0 4611686019106210071      /nix/store/026hln0aq1hyshaxsdvhg0kmcm6yf45r-zlib-1.2.13/lib/libz.so.1.2.13
7fe09c6c6000-7fe09c6d8000 r-xp 00003000 00:12d0 4611686019106210071      /nix/store/026hln0aq1hyshaxsdvhg0kmcm6yf45r-zlib-1.2.13/lib/libz.so.1.2.13
7fe09c6d8000-7fe09c6df000 r--p 00015000 00:12d0 4611686019106210071      /nix/store/026hln0aq1hyshaxsdvhg0kmcm6yf45r-zlib-1.2.13/lib/libz.so.1.2.13
7fe09c6df000-7fe09c6e0000 r--p 0001b000 00:12d0 4611686019106210071      /nix/store/026hln0aq1hyshaxsdvhg0kmcm6yf45r-zlib-1.2.13/lib/libz.so.1.2.13
7fe09c6e0000-7fe09c6e1000 rw-p 0001c000 00:12d0 4611686019106210071      /nix/store/026hln0aq1hyshaxsdvhg0kmcm6yf45r-zlib-1.2.13/lib/libz.so.1.2.13
7fe09c6e1000-7fe09c6e3000 rw-p 00000000 00:00 0 
7fe09c6e3000-7fe09c6e5000 r--p 00000000 00:12d0 4611686019027979912      /nix/store/4nlgxhb09sdr51nc9hdm8az5b08vzkgx-glibc-2.35-163/lib/ld-linux-x86-64.so.2
7fe09c6e5000-7fe09c70c000 r-xp 00002000 00:12d0 4611686019027979912      /nix/store/4nlgxhb09sdr51nc9hdm8az5b08vzkgx-glibc-2.35-163/lib/ld-linux-x86-64.so.2
7fe09c70c000-7fe09c718000 r--p 00029000 00:12d0 4611686019027979912      /nix/store/4nlgxhb09sdr51nc9hdm8az5b08vzkgx-glibc-2.35-163/lib/ld-linux-x86-64.so.2
7fe09c718000-7fe09c71a000 r--p 00034000 00:12d0 4611686019027979912      /nix/store/4nlgxhb09sdr51nc9hdm8az5b08vzkgx-glibc-2.35-163/lib/ld-linux-x86-64.so.2
7fe09c71a000-7fe09c71c000 rw-p 00036000 00:12d0 4611686019027979912      /nix/store/4nlgxhb09sdr51nc9hdm8az5b08vzkgx-glibc-2.35-163/lib/ld-linux-x86-64.so.2
7ffce8f0a000-7ffce8f2e000 rw-p 00000000 00:00 0                          [stack]
7ffce8f3c000-7ffce8f40000 r--p 00000000 00:00 0                          [vvar]
7ffce8f40000-7ffce8f42000 r-xp 00000000 00:00 0                          [vdso]
ffffffffff600000-ffffffffff601000 --xp 00000000 00:00 0                  [vsyscall]


VM Arguments:
jvm_args: -XX:ThreadPriorityPolicy=1 -XX:+UnlockExperimentalVMOptions -XX:+EnableJVMCIProduct -XX:JVMCIThreadsPerNativeLibraryRuntime=1 -XX:-UnlockExperimentalVMOptions -Declipse.application=org.eclipse.jdt.ls.core.id1 -Dosgi.bundles.defaultStartLevel=4 -Declipse.product=org.eclipse.jdt.ls.core.product -Dlog.level=ALL -Xverify:none -XX:+UseParallelGC -XX:GCTimeRatio=4 -XX:AdaptiveSizePolicyWeight=90 -Dsun.zip.disableMemoryMapping=true -Xmx512m -Xms100m 
java_command: /nix/store/m6gcpi1ii6rghy04cjwjddcavv7i90df-jdt-language-server-1.9.0/share/java/plugins/org.eclipse.equinox.launcher_1.6.400.v20210924-0641.jar --add-modules=ALL-SYSTEM --add-opens java.base/java.util=ALL-UNNAMED --add-opens java.base/java.lang=ALL-UNNAMED -configuration /home/runner/.cache/jdt-language-server/config -data /home/runner/.cache/jdt-language-server/data/home/runner/SophiaIntroToJava
java_class_path (initial): /nix/store/m6gcpi1ii6rghy04cjwjddcavv7i90df-jdt-language-server-1.9.0/share/java/plugins/org.eclipse.equinox.launcher_1.6.400.v20210924-0641.jar
Launcher Type: SUN_STANDARD

[Global flags]
    uintx AdaptiveSizePolicyWeight                 = 90                                        {product} {command line}
     intx CICompilerCount                          = 2                                         {product} {ergonomic}
     bool EnableJVMCIProduct                       = true                                {JVMCI product} {jimage}
    uintx GCTimeRatio                              = 4                                         {product} {command line}
   size_t InitialHeapSize                          = 104857600                                 {product} {command line}
     uint JVMCIThreadsPerNativeLibraryRuntime      = 1                                   {JVMCI product} {jimage}
   size_t MaxHeapSize                              = 536870912                                 {product} {command line}
   size_t MaxNewSize                               = 178782208                                 {product} {ergonomic}
   size_t MinHeapDeltaBytes                        = 524288                                    {product} {ergonomic}
   size_t MinHeapSize                              = 104857600                                 {product} {command line}
   size_t NewSize                                  = 34603008                                  {product} {ergonomic}
    uintx NonNMethodCodeHeapSize                   = 5826188                                {pd product} {ergonomic}
    uintx NonProfiledCodeHeapSize                  = 122916026                              {pd product} {ergonomic}
   size_t OldSize                                  = 70254592                                  {product} {ergonomic}
    uintx ProfiledCodeHeapSize                     = 122916026                              {pd product} {ergonomic}
    uintx ReservedCodeCacheSize                    = 251658240                              {pd product} {ergonomic}
     bool SegmentedCodeCache                       = true                                      {product} {ergonomic}
   size_t SoftMaxHeapSize                          = 536870912                              {manageable} {ergonomic}
     intx ThreadPriorityPolicy                     = 1                                         {product} {jimage}
     bool UseCompressedClassPointers               = true                           {product lp64_product} {ergonomic}
     bool UseCompressedOops                        = true                           {product lp64_product} {ergonomic}
     bool UseParallelGC                            = true                                      {product} {command line}

Logging:
Log output configuration:
 #0: stdout all=warning uptime,level,tags
 #1: stderr all=off uptime,level,tags

Environment Variables:
JAVA_HOME=/nix/store/gpxl5qgg8kicmcvivwmybwjlpf7wh20l-graalvm17-ce-22.3.0
PATH=/nix/store/1d6ian3r8kdzspw8hacjhl3xkp40g1lj-binutils-wrapper-2.39/bin:/nix/store/dq0xwmsk1g0i2ayg6pb7y87na2knzylh-gcc-wrapper-11.3.0/bin:/nix/store/bap4d0lpcrhpwmpb8ayjcgkmvfj62lnq-bash-interactive-5.1-p16/bin:/nix/store/pr5n59mb4jzmfx6kanwxly0l07p861fg-patchelf-0.15.0/bin:/nix/store/1gf2flfqnpqbr1b4p4qz2f72y42bs56r-gcc-11.3.0/bin:/nix/store/57xv61c5zi8pphjbcwxxjlgc34p61ic9-glibc-2.35-163-bin/bin:/nix/store/a7gvj343m05j2s32xcnwr35v31ynlypr-coreutils-9.1/bin:/nix/store/039g378vc3pc3dvi9dzdlrd0i4q93qwf-binutils-2.39/bin:/nix/store/gpxl5qgg8kicmcvivwmybwjlpf7wh20l-graalvm17-ce-22.3.0/bin:/nix/store/6z9ag3ihc8mq2hzsw48lhbznvzny65nz-apache-maven-3.8.6/bin:/nix/store/m6gcpi1ii6rghy04cjwjddcavv7i90df-jdt-language-server-1.9.0/bin:/nix/store/84xs5alhs01zrbr4ywm05kxbjbp5590l-java-debug/bin:/nix/store/mydc6f4k2z73xlcz7ilif3v2lcaiqvza-findutils-4.9.0/bin:/nix/store/j9p3g8472iijd50vhdprx0nmk2fqn5gv-diffutils-3.8/bin:/nix/store/89zs7rms6x00xfq4dq6m7mjnhkr8a6r4-gnused-4.8/bin:/nix/store/86bp03jkmsl6f92w0yzg4s59g5mhxwmy-gnugrep-3.7/bin:/nix/store/hwcdqw4jrjnd37wxqgsd47hd0j8bnj09-gawk-5.1.1/bin:/nix/store/cfbhw8r8ags41vwqaz47r583d0p4h4a1-gnutar-1.34/bin:/nix/store/p3m1ndl1lapwrlh698bnb5lvvxh67378-gzip-1.12/bin:/nix/store/a8mhcagrsly7c7mpjrpsnaahk4aax056-bzip2-1.0.8-bin/bin:/nix/store/mblgz65m3zv9x548a3d5m96fj2pbwr09-gnumake-4.3/bin:/nix/store/dsd5gz46hdbdk2rfdimqddhq6m8m8fqs-bash-5.1-p16/bin:/nix/store/v7ljksji50mg3w61dykaa3n3y79n6nil-patch-2.7.6/bin:/nix/store/zlcnmqq14jz5x9439jf937mvayyl63da-xz-5.2.7-bin/bin:/nix/store/y6aj732zm9m87c82fpvf103a1xb22blp-file-5.43/bin:/nix/store/i4kzir3m7mrisxmf5xvlnkw01x4qaqr4-prybar-elisp-0.0.0-e0d9a52/bin:/nix/store/lwwivxf6h7x3cvxp9zv8sj0mv7dak99r-prybar-lua-0.0.0-e0d9a52/bin:/nix/store/gxj28g1cg4hq3qanmjv07156h800qr58-prybar-python3-0.0.0-e0d9a52/bin:/nix/store/hshkjnxrgidigf8x75vg6lqng2xlx9i3-prybar-sqlite-0.0.0-e0d9a52/bin:/nix/store/c4w01bpjgyy5ixmwdk8m1pw87zq4sl26-prybar-tcl-0.0.0-e0d9a52/bin:/nix/store/hpbvrlwd5viqmvcaisb3x0118i913a9n-st
LD_LIBRARY_PATH=/nix/store/a4pff549sk2idnkpzk5nsfps3mdkdnvm-cups-2.4.2-lib/lib:/nix/store/72mqxxhh3cy5yifh92wh2yb8cl2hikyy-cairo-1.16.0/lib:/nix/store/2k366jrbsra97gjfxwvrhvixjfxdach5-glib-2.74.1/lib:/nix/store/2j2znigd8ak37rlwh9khz0ry3clqlw1l-gtk+3-3.24.34/lib:/nix/store/hisqvx32cd57apbpcsnkpx6k3549wql1-libglvnd-1.4.0/lib:/nix/store/p36pgcv991mq5srvg765b78yqpxvk3qs-mesa-21.3.3-drivers/lib:/nix/store/mav4251if1ahjq5vkpwycyyvnmy459c4-pulseaudio-14.2/lib
DISPLAY=:0
LANG=en_US.UTF-8

Signal Handlers:
   SIGSEGV: crash_handler in libjvm.so, mask=11100100010111111101111111111110, flags=SA_RESTART|SA_SIGINFO
    SIGBUS: crash_handler in libjvm.so, mask=11100100010111111101111111111110, flags=SA_RESTART|SA_SIGINFO
    SIGFPE: crash_handler in libjvm.so, mask=11100100010111111101111111111110, flags=SA_RESTART|SA_SIGINFO
   SIGPIPE: IsolateEnterStub_IgnoreSIGPIPEStartupHook_noopSignalHandler_8f19bff2f35b5f630d83b364d6b2339320d4ec70_216e8361c6bc87a8f89f58cc10d3b2fd4415bf87 in libjvmcicompiler.so, mask=00000000000000000000000000000000, flags=SA_RESTART
  *** Handler was modified!
  *** Expected: javaSignalHandler in libjvm.so, mask=11100100110111111111111111111110, flags=SA_RESTART|SA_SIGINFO
   SIGXFSZ: javaSignalHandler in libjvm.so, mask=11100100010111111101111111111110, flags=SA_RESTART|SA_SIGINFO
    SIGILL: crash_handler in libjvm.so, mask=11100100010111111101111111111110, flags=SA_RESTART|SA_SIGINFO
   SIGUSR2: SR_handler in libjvm.so, mask=00000000000000000000000000000000, flags=SA_RESTART|SA_SIGINFO
    SIGHUP: UserHandler in libjvm.so, mask=11100100010111111101111111111110, flags=SA_RESTART|SA_SIGINFO
    SIGINT: UserHandler in libjvm.so, mask=11100100010111111101111111111110, flags=SA_RESTART|SA_SIGINFO
   SIGTERM: UserHandler in libjvm.so, mask=11100100010111111101111111111110, flags=SA_RESTART|SA_SIGINFO
   SIGQUIT: UserHandler in libjvm.so, mask=11100100010111111101111111111110, flags=SA_RESTART|SA_SIGINFO
  *** Handler was modified!
  *** Expected: javaSignalHandler in libjvm.so, mask=11100100110111111111111111111110, flags=SA_RESTART|SA_SIGINFO
   SIGTRAP: crash_handler in libjvm.so, mask=11100100010111111101111111111110, flags=SA_RESTART|SA_SIGINFO


---------------  S Y S T E M  ---------------

OS:
DISTRIB_ID=Ubuntu
DISTRIB_RELEASE=20.04
DISTRIB_CODENAME=focal
DISTRIB_DESCRIPTION="Ubuntu 20.04.2 LTS"
uname: Linux 5.19.0-1026-gcp #28~22.04.1-Ubuntu SMP Tue Jun 6 07:24:26 UTC 2023 x86_64
OS uptime: 0 days 0:17 hours
libc: glibc 2.35 NPTL 2.35 
rlimit (soft/hard): STACK 8192k/infinity , CORE infinity/infinity , NPROC infinity/infinity , NOFILE 5242/5242 , AS infinity/infinity , CPU infinity/infinity , DATA infinity/infinity , FSIZE infinity/infinity , MEMLOCK 8192k/8192k
load average: 6.80 4.99 2.92

/proc/meminfo:
MemTotal:       65839956 kB
MemFree:        41460868 kB
MemAvailable:   54858988 kB
Buffers:          975256 kB
Cached:         12123932 kB
SwapCached:            0 kB
Active:          3518428 kB
Inactive:       18235172 kB
Active(anon):      13816 kB
Inactive(anon):  8489800 kB
Active(file):    3504612 kB
Inactive(file):  9745372 kB
Unevictable:       56664 kB
Mlocked:           56664 kB
SwapTotal:             0 kB
SwapFree:              0 kB
Zswap:                 0 kB
Zswapped:              0 kB
Dirty:              7928 kB
Writeback:             0 kB
AnonPages:       8619448 kB
Mapped:          1615188 kB
Shmem:             37088 kB
KReclaimable:     874624 kB
Slab:            1689304 kB
SReclaimable:     874624 kB
SUnreclaim:       814680 kB
KernelStack:      412796 kB
PageTables:       126816 kB
NFS_Unstable:          0 kB
Bounce:                0 kB
WritebackTmp:          0 kB
CommitLimit:    32919976 kB
Committed_AS:   45192972 kB
VmallocTotal:   34359738367 kB
VmallocUsed:      443552 kB
VmallocChunk:          0 kB
Percpu:            37888 kB
HardwareCorrupted:     0 kB
AnonHugePages:    593920 kB
ShmemHugePages:        0 kB
ShmemPmdMapped:        0 kB
FileHugePages:         0 kB
FilePmdMapped:         0 kB
HugePages_Total:       0
HugePages_Free:        0
HugePages_Rsvd:        0
HugePages_Surp:        0
Hugepagesize:       2048 kB
Hugetlb:               0 kB
DirectMap4k:      840504 kB
DirectMap2M:    26419200 kB
DirectMap1G:    41943040 kB

/sys/kernel/mm/transparent_hugepage/enabled: always [madvise] never
/sys/kernel/mm/transparent_hugepage/defrag (defrag/compaction efforts parameter): always defer defer+madvise [madvise] never

Process Memory:
Virtual Size: 4854872K (peak: 4890428K)
Resident Set Size: 753020K (peak: 796808K) (anon: 557516K, file: 195504K, shmem: 0K)
Swapped out: 0K
C-Heap outstanding allocations: 44087K, retained: 12948K
glibc malloc tunables: (default)

/proc/sys/kernel/threads-max (system-wide limit on the number of threads): 514310
/proc/sys/vm/max_map_count (maximum number of memory map areas a process may have): 65530
/proc/sys/kernel/pid_max (system-wide limit on number of process identifiers): 4194304

container (cgroup) information:
container_type: cgroupv1
cpu_cpuset_cpus: 2-7
cpu_memory_nodes: 0
active_processor_count: 1
cpu_quota: 50000
cpu_period: 100000
cpu_shares: 512
memory_limit_in_bytes: 1048576 k
memory_and_swap_limit_in_bytes: 1048576 k
memory_soft_limit_in_bytes: 524288 k
memory_usage_in_bytes: 865160 k
memory_max_usage_in_bytes: 892512 k
maximum number of tasks: 1000
current number of tasks: 43

KVM virtualization detected
Steal ticks since vm start: 0
Steal ticks percentage since vm start:  0.000

CPU: total 8 (initial active 1) (8 cores per cpu, 2 threads per core) family 23 model 49 stepping 0 microcode 0xffffffff, cx8, cmov, fxsr, ht, mmx, 3dnowpref, sse, sse2, sse3, ssse3, sse4a, sse4.1, sse4.2, popcnt, lzcnt, tsc, tscinvbit, avx, avx2, aes, clmul, bmi1, bmi2, adx, sha, fma, vzeroupper, clflush, clflushopt, hv
CPU Model and flags from /proc/cpuinfo:
model name	: AMD EPYC 7B12
flags		: fpu vme de pse tsc msr pae mce cx8 apic sep mtrr pge mca cmov pat pse36 clflush mmx fxsr sse sse2 ht syscall nx mmxext fxsr_opt pdpe1gb rdtscp lm constant_tsc rep_good nopl nonstop_tsc cpuid extd_apicid tsc_known_freq pni pclmulqdq ssse3 fma cx16 sse4_1 sse4_2 movbe popcnt aes xsave avx f16c rdrand hypervisor lahf_lm cmp_legacy cr8_legacy abm sse4a misalignsse 3dnowprefetch osvw topoext ssbd ibrs ibpb stibp vmmcall fsgsbase tsc_adjust bmi1 avx2 smep bmi2 rdseed adx smap clflushopt clwb sha_ni xsaveopt xsavec xgetbv1 clzero xsaveerptr arat npt nrip_save umip rdpid

Online cpus: 0-7
Offline cpus: 
BIOS frequency limitation: <Not Available>
Frequency switch latency (ns): <Not Available>
Available cpu frequencies: <Not Available>
Current governor: <Not Available>
Core performance/turbo boost: <Not Available>

Memory: 4k page, physical 1048576k(183408k free), swap 0k(0k free)
Page Sizes: 4k

vm_info: OpenJDK 64-Bit Server VM (17.0.5+8-jvmci-22.3-b08) for linux-amd64 JRE (17.0.5+8-jvmci-22.3-b08), built on Oct 19 2022 09:01:27 by "buildslave" with gcc 10.3.0

END.
